0 verbose cli C:\Program Files\nodejs\node.exe C:\Program Files\nodejs\node_modules\npm\bin\npm-cli.js
1 info using npm@11.6.2
2 info using node@v24.13.0
3 silly config load:file:C:\Program Files\nodejs\node_modules\npm\npmrc
4 silly config load:file:C:\Users\mathieu.nussbaumer\Documents\ThaiStricker\thai-stricker\.npmrc
5 silly config load:file:C:\Users\mathieu.nussbaumer\.npmrc
6 silly config load:file:C:\Users\mathieu.nussbaumer\AppData\Roaming\npm\etc\npmrc
7 verbose title npm install @expo/material-symbols @expo/ui
8 verbose argv "install" "@expo/material-symbols" "@expo/ui" "--cache" ".npm-cache"
9 verbose logfile logs-max:10 dir:C:\Users\mathieu.nussbaumer\Documents\ThaiStricker\thai-stricker\.npm-cache\_logs\2026-06-18T18_42_39_604Z-
10 verbose logfile C:\Users\mathieu.nussbaumer\Documents\ThaiStricker\thai-stricker\.npm-cache\_logs\2026-06-18T18_42_39_604Z-debug-0.log
11 silly logfile done cleaning log files
12 silly packumentCache heap:4496293888 maxSize:1124073472 maxEntrySize:562036736
13 silly idealTree buildDeps
14 silly fetch manifest @expo/material-symbols@*
15 silly packumentCache full:https://registry.npmjs.org/@expo%2fmaterial-symbols cache-miss
16 http cache https://registry.npmjs.org/@expo%2fmaterial-symbols 399ms (cache hit)
17 silly packumentCache full:https://registry.npmjs.org/@expo%2fmaterial-symbols set size:14385 disposed:false
18 silly fetch manifest @expo/ui@*
19 silly packumentCache full:https://registry.npmjs.org/@expo%2fui cache-miss
20 http cache https://registry.npmjs.org/@expo%2fui 201ms (cache hit)
21 silly packumentCache full:https://registry.npmjs.org/@expo%2fui set size:612824 disposed:false
22 silly fetch manifest @babel/core@*
23 silly packumentCache full:https://registry.npmjs.org/@babel%2fcore cache-miss
24 http fetch GET 200 https://registry.npmjs.org/@babel%2fcore 618ms (cache miss)
25 silly packumentCache full:https://registry.npmjs.org/@babel%2fcore set size:undefined disposed:false
26 silly fetch manifest expo@~56.0.12
27 silly packumentCache full:https://registry.npmjs.org/expo cache-miss
28 http fetch GET 200 https://registry.npmjs.org/expo 422ms (cache miss)
29 silly packumentCache full:https://registry.npmjs.org/expo set size:undefined disposed:false
30 silly fetch manifest @expo/metro-runtime@*
31 silly packumentCache full:https://registry.npmjs.org/@expo%2fmetro-runtime cache-miss
32 http fetch GET 200 https://registry.npmjs.org/@expo%2fmetro-runtime 110ms (cache miss)
33 silly packumentCache full:https://registry.npmjs.org/@expo%2fmetro-runtime set size:undefined disposed:false
34 silly fetch manifest react@19.2.3
35 silly packumentCache full:https://registry.npmjs.org/react cache-miss
36 http fetch GET 200 https://registry.npmjs.org/react 269ms (cache miss)
37 silly packumentCache full:https://registry.npmjs.org/react set size:undefined disposed:false
38 silly fetch manifest react-dom@*
39 silly packumentCache full:https://registry.npmjs.org/react-dom cache-miss
40 http fetch GET 200 https://registry.npmjs.org/react-dom 330ms (cache miss)
41 silly packumentCache full:https://registry.npmjs.org/react-dom set size:undefined disposed:false
42 silly fetch manifest react@^19.2.7
43 silly packumentCache full:https://registry.npmjs.org/react cache-miss
44 http cache https://registry.npmjs.org/react 42ms (cache hit)
45 silly packumentCache full:https://registry.npmjs.org/react set size:6720097 disposed:false
46 silly fetch manifest react-native@0.85.3
47 silly packumentCache full:https://registry.npmjs.org/react-native cache-miss
48 http fetch GET 200 https://registry.npmjs.org/react-native 507ms (cache miss)
49 silly packumentCache full:https://registry.npmjs.org/react-native set size:undefined disposed:false
50 silly fetch manifest @react-native/jest-preset@0.85.3
51 silly packumentCache full:https://registry.npmjs.org/@react-native%2fjest-preset cache-miss
52 http fetch GET 200 https://registry.npmjs.org/@react-native%2fjest-preset 89ms (cache miss)
53 silly packumentCache full:https://registry.npmjs.org/@react-native%2fjest-preset set size:undefined disposed:false
54 silly fetch manifest @types/react@~19.2.2
55 silly packumentCache full:https://registry.npmjs.org/@types%2freact cache-miss
56 http fetch GET 200 https://registry.npmjs.org/@types%2freact 172ms (cache miss)
57 silly packumentCache full:https://registry.npmjs.org/@types%2freact set size:undefined disposed:false
58 silly fetch manifest react-native-web@*
59 silly packumentCache full:https://registry.npmjs.org/react-native-web cache-miss
60 http fetch GET 200 https://registry.npmjs.org/react-native-web 126ms (cache miss)
61 silly packumentCache full:https://registry.npmjs.org/react-native-web set size:undefined disposed:false
62 silly fetch manifest react-native-webview@*
63 silly packumentCache full:https://registry.npmjs.org/react-native-webview cache-miss
64 http fetch GET 200 https://registry.npmjs.org/react-native-webview 106ms (cache miss)
65 silly packumentCache full:https://registry.npmjs.org/react-native-webview set size:undefined disposed:false
66 silly fetch manifest react-native-reanimated@*
67 silly packumentCache full:https://registry.npmjs.org/react-native-reanimated cache-miss
68 http fetch GET 200 https://registry.npmjs.org/react-native-reanimated 516ms (cache miss)
69 silly packumentCache full:https://registry.npmjs.org/react-native-reanimated set size:undefined disposed:false
70 silly fetch manifest react-native-worklets@0.9.x
71 silly packumentCache full:https://registry.npmjs.org/react-native-worklets cache-miss
72 http fetch GET 200 https://registry.npmjs.org/react-native-worklets 122ms (cache miss)
73 silly packumentCache full:https://registry.npmjs.org/react-native-worklets set size:undefined disposed:false
74 silly fetch manifest @react-native/metro-config@*
75 silly packumentCache full:https://registry.npmjs.org/@react-native%2fmetro-config cache-miss
76 http fetch GET 200 https://registry.npmjs.org/@react-native%2fmetro-config 225ms (cache miss)
77 silly packumentCache full:https://registry.npmjs.org/@react-native%2fmetro-config set size:undefined disposed:false
78 silly placeDep ROOT @expo/material-symbols@0.1.1 OK for: thai-stricker@1.0.0 want: *
79 silly placeDep ROOT @expo/ui@56.0.18 OK for: thai-stricker@1.0.0 want: *
80 silly fetch manifest vaul@^1.1.2
81 silly packumentCache full:https://registry.npmjs.org/vaul cache-miss
82 silly fetch manifest sf-symbols-typescript@^2.1.0
83 silly packumentCache full:https://registry.npmjs.org/sf-symbols-typescript cache-miss
84 http fetch GET 200 https://registry.npmjs.org/vaul 67ms (cache miss)
85 silly packumentCache full:https://registry.npmjs.org/vaul set size:undefined disposed:false
86 http fetch GET 200 https://registry.npmjs.org/sf-symbols-typescript 98ms (cache miss)
87 silly packumentCache full:https://registry.npmjs.org/sf-symbols-typescript set size:undefined disposed:false
88 silly fetch manifest react@*
89 silly packumentCache full:https://registry.npmjs.org/react cache-miss
90 http cache https://registry.npmjs.org/react 34ms (cache hit)
91 silly packumentCache full:https://registry.npmjs.org/react set size:6720097 disposed:false
92 silly placeDep ROOT sf-symbols-typescript@2.2.0 OK for: @expo/ui@56.0.18 want: ^2.1.0
93 silly placeDep node_modules/@expo/ui vaul@1.1.2 CONFLICT for: @expo/ui@56.0.18 want: ^1.1.2
94 silly placeDep ROOT react-dom@19.2.7 CONFLICT for: vaul@1.1.2 want: ^16.8 || ^17.0 || ^18.0 || ^19.0.0 || ^19.0.0-rc
95 warn ERESOLVE overriding peer dependency {
95 warn ERESOLVE   code: 'ERESOLVE',
95 warn ERESOLVE   edge: {
95 warn ERESOLVE     type: 'peer',
95 warn ERESOLVE     name: 'react',
95 warn ERESOLVE     spec: '^19.2.7',
95 warn ERESOLVE     error: 'INVALID',
95 warn ERESOLVE     from: {
95 warn ERESOLVE       name: 'react-dom',
95 warn ERESOLVE       version: '19.2.7',
95 warn ERESOLVE       location: 'node_modules/react-dom',
95 warn ERESOLVE       isWorkspace: false,
95 warn ERESOLVE       dependents: [Array]
95 warn ERESOLVE     }
95 warn ERESOLVE   },
95 warn ERESOLVE   dep: {
95 warn ERESOLVE     name: 'react',
95 warn ERESOLVE     version: '19.2.7',
95 warn ERESOLVE     whileInstalling: {
95 warn ERESOLVE       name: '@expo/ui',
95 warn ERESOLVE       version: '56.0.18',
95 warn ERESOLVE       path: 'C:\\Users\\mathieu.nussbaumer\\Documents\\ThaiStricker\\thai-stricker\\node_modules\\@expo\\ui'
95 warn ERESOLVE     },
95 warn ERESOLVE     location: 'node_modules/react',
95 warn ERESOLVE     isWorkspace: false,
95 warn ERESOLVE     dependents: [ [Object] ]
95 warn ERESOLVE   },
95 warn ERESOLVE   force: false,
95 warn ERESOLVE   isMine: false,
95 warn ERESOLVE   strictPeerDeps: false,
95 warn ERESOLVE   current: {
95 warn ERESOLVE     name: 'react',
95 warn ERESOLVE     version: '19.2.3',
95 warn ERESOLVE     location: 'node_modules/react',
95 warn ERESOLVE     isWorkspace: false,
95 warn ERESOLVE     dependents: [ [Object] ]
95 warn ERESOLVE   },
95 warn ERESOLVE   peerConflict: {
95 warn ERESOLVE     name: 'react',
95 warn ERESOLVE     version: '19.2.3',
95 warn ERESOLVE     location: 'node_modules/react',
95 warn ERESOLVE     isWorkspace: false,
95 warn ERESOLVE     dependents: [ [Object] ]
95 warn ERESOLVE   }
95 warn ERESOLVE }
96 silly fetch manifest @radix-ui/react-dialog@^1.1.1
97 silly packumentCache full:https://registry.npmjs.org/@radix-ui%2freact-dialog cache-miss
98 http fetch GET 200 https://registry.npmjs.org/@radix-ui%2freact-dialog 136ms (cache miss)
99 silly packumentCache full:https://registry.npmjs.org/@radix-ui%2freact-dialog set size:undefined disposed:false
100 silly fetch manifest @types/react@*
101 silly packumentCache full:https://registry.npmjs.org/@types%2freact cache-miss
102 http cache https://registry.npmjs.org/@types%2freact 19ms (cache hit)
103 silly packumentCache full:https://registry.npmjs.org/@types%2freact set size:2632776 disposed:false
104 silly fetch manifest @types/react-dom@*
105 silly packumentCache full:https://registry.npmjs.org/@types%2freact-dom cache-miss
106 http fetch GET 200 https://registry.npmjs.org/@types%2freact-dom 100ms (cache miss)
107 silly packumentCache full:https://registry.npmjs.org/@types%2freact-dom set size:undefined disposed:false
108 silly fetch manifest react@^16.8 || ^17.0 || ^18.0 || ^19.0.0 || ^19.0.0-rc
109 silly packumentCache full:https://registry.npmjs.org/react cache-miss
110 http cache https://registry.npmjs.org/react 33ms (cache hit)
111 silly packumentCache full:https://registry.npmjs.org/react set size:6720097 disposed:false
112 silly fetch manifest react-dom@^16.8 || ^17.0 || ^18.0 || ^19.0.0 || ^19.0.0-rc
113 silly packumentCache full:https://registry.npmjs.org/react-dom cache-miss
114 http cache https://registry.npmjs.org/react-dom 90ms (cache hit)
115 silly packumentCache full:https://registry.npmjs.org/react-dom set size:8981640 disposed:false
116 silly placeDep ROOT @radix-ui/react-dialog@1.1.17 OK for: vaul@1.1.2 want: ^1.1.1
117 silly fetch manifest aria-hidden@^1.2.4
118 silly packumentCache full:https://registry.npmjs.org/aria-hidden cache-miss
119 silly fetch manifest react-remove-scroll@^2.7.2
120 silly packumentCache full:https://registry.npmjs.org/react-remove-scroll cache-miss
121 silly fetch manifest @radix-ui/react-compose-refs@1.1.3
122 silly packumentCache full:https://registry.npmjs.org/@radix-ui%2freact-compose-refs cache-miss
123 silly fetch manifest @radix-ui/primitive@1.1.4
124 silly packumentCache full:https://registry.npmjs.org/@radix-ui%2fprimitive cache-miss
125 silly fetch manifest @radix-ui/react-focus-scope@1.1.10
126 silly packumentCache full:https://registry.npmjs.org/@radix-ui%2freact-focus-scope cache-miss
127 silly fetch manifest @radix-ui/react-dismissable-layer@1.1.13
128 silly packumentCache full:https://registry.npmjs.org/@radix-ui%2freact-dismissable-layer cache-miss
129 silly fetch manifest @radix-ui/react-context@1.1.4
130 silly packumentCache full:https://registry.npmjs.org/@radix-ui%2freact-context cache-miss
131 http fetch GET 200 https://registry.npmjs.org/aria-hidden 149ms (cache miss)
132 silly packumentCache full:https://registry.npmjs.org/aria-hidden set size:undefined disposed:false
133 silly fetch manifest @radix-ui/react-focus-guards@1.1.4
134 silly packumentCache full:https://registry.npmjs.org/@radix-ui%2freact-focus-guards cache-miss
135 http fetch GET 200 https://registry.npmjs.org/react-remove-scroll 154ms (cache miss)
136 silly packumentCache full:https://registry.npmjs.org/react-remove-scroll set size:undefined disposed:false
137 silly fetch manifest @radix-ui/react-portal@1.1.12
138 silly packumentCache full:https://registry.npmjs.org/@radix-ui%2freact-portal cache-miss
139 http fetch GET 200 https://registry.npmjs.org/@radix-ui%2fprimitive 187ms (cache miss)
140 silly packumentCache full:https://registry.npmjs.org/@radix-ui%2fprimitive set size:undefined disposed:false
141 silly fetch manifest @radix-ui/react-presence@1.1.6
142 silly packumentCache full:https://registry.npmjs.org/@radix-ui%2freact-presence cache-miss
143 http fetch GET 200 https://registry.npmjs.org/@radix-ui%2freact-compose-refs 205ms (cache miss)
144 silly packumentCache full:https://registry.npmjs.org/@radix-ui%2freact-compose-refs set size:undefined disposed:false
145 silly fetch manifest @radix-ui/react-primitive@2.1.6
146 silly packumentCache full:https://registry.npmjs.org/@radix-ui%2freact-primitive cache-miss
147 http fetch GET 200 https://registry.npmjs.org/@radix-ui%2freact-dismissable-layer 271ms (cache miss)
148 silly packumentCache full:https://registry.npmjs.org/@radix-ui%2freact-dismissable-layer set size:undefined disposed:false
149 silly fetch manifest @radix-ui/react-id@1.1.2
150 silly packumentCache full:https://registry.npmjs.org/@radix-ui%2freact-id cache-miss
151 http fetch GET 200 https://registry.npmjs.org/@radix-ui%2freact-focus-guards 144ms (cache miss)
152 silly packumentCache full:https://registry.npmjs.org/@radix-ui%2freact-focus-guards set size:undefined disposed:false
153 silly fetch manifest @radix-ui/react-use-controllable-state@1.2.3
154 silly packumentCache full:https://registry.npmjs.org/@radix-ui%2freact-use-controllable-state cache-miss
155 http fetch GET 200 https://registry.npmjs.org/@radix-ui%2freact-context 299ms (cache miss)
156 silly packumentCache full:https://registry.npmjs.org/@radix-ui%2freact-context set size:undefined disposed:false
157 silly fetch manifest @radix-ui/react-slot@1.3.0
158 silly packumentCache full:https://registry.npmjs.org/@radix-ui%2freact-slot cache-miss
159 http fetch GET 200 https://registry.npmjs.org/@radix-ui%2freact-portal 165ms (cache miss)
160 silly packumentCache full:https://registry.npmjs.org/@radix-ui%2freact-portal set size:undefined disposed:false
161 http fetch GET 200 https://registry.npmjs.org/@radix-ui%2freact-presence 144ms (cache miss)
162 silly packumentCache full:https://registry.npmjs.org/@radix-ui%2freact-presence set size:undefined disposed:false
163 http fetch GET 200 https://registry.npmjs.org/@radix-ui%2freact-focus-scope 344ms (cache miss)
164 silly packumentCache full:https://registry.npmjs.org/@radix-ui%2freact-focus-scope set size:undefined disposed:false
165 http fetch GET 200 https://registry.npmjs.org/@radix-ui%2freact-slot 88ms (cache miss)
166 silly packumentCache full:https://registry.npmjs.org/@radix-ui%2freact-slot set size:undefined disposed:false
167 http fetch GET 200 https://registry.npmjs.org/@radix-ui%2freact-id 125ms (cache miss)
168 silly packumentCache full:https://registry.npmjs.org/@radix-ui%2freact-id set size:undefined disposed:false
169 http fetch GET 200 https://registry.npmjs.org/@radix-ui%2freact-use-controllable-state 140ms (cache miss)
170 silly packumentCache full:https://registry.npmjs.org/@radix-ui%2freact-use-controllable-state set size:undefined disposed:false
171 http fetch GET 200 https://registry.npmjs.org/@radix-ui%2freact-primitive 269ms (cache miss)
172 silly packumentCache full:https://registry.npmjs.org/@radix-ui%2freact-primitive set size:undefined disposed:false
173 silly fetch manifest react@^16.8 || ^17.0 || ^18.0 || ^19.0 || ^19.0.0-rc
174 silly packumentCache full:https://registry.npmjs.org/react cache-miss
175 http cache https://registry.npmjs.org/react 35ms (cache hit)
176 silly packumentCache full:https://registry.npmjs.org/react set size:6720097 disposed:false
177 silly fetch manifest react-dom@^16.8 || ^17.0 || ^18.0 || ^19.0 || ^19.0.0-rc
178 silly packumentCache full:https://registry.npmjs.org/react-dom cache-miss
179 http cache https://registry.npmjs.org/react-dom 76ms (cache hit)
180 silly packumentCache full:https://registry.npmjs.org/react-dom set size:8981640 disposed:false
181 silly placeDep ROOT @radix-ui/primitive@1.1.4 OK for: @radix-ui/react-dialog@1.1.17 want: 1.1.4
182 silly placeDep ROOT @radix-ui/react-compose-refs@1.1.3 OK for: @radix-ui/react-dialog@1.1.17 want: 1.1.3
183 silly placeDep ROOT @radix-ui/react-context@1.1.4 OK for: @radix-ui/react-dialog@1.1.17 want: 1.1.4
184 silly placeDep ROOT @radix-ui/react-dismissable-layer@1.1.13 OK for: @radix-ui/react-dialog@1.1.17 want: 1.1.13
185 silly placeDep ROOT @radix-ui/react-focus-guards@1.1.4 OK for: @radix-ui/react-dialog@1.1.17 want: 1.1.4
186 silly placeDep ROOT @radix-ui/react-focus-scope@1.1.10 OK for: @radix-ui/react-dialog@1.1.17 want: 1.1.10
187 silly placeDep ROOT @radix-ui/react-id@1.1.2 OK for: @radix-ui/react-dialog@1.1.17 want: 1.1.2
188 silly placeDep ROOT @radix-ui/react-portal@1.1.12 OK for: @radix-ui/react-dialog@1.1.17 want: 1.1.12
189 silly placeDep ROOT @radix-ui/react-presence@1.1.6 OK for: @radix-ui/react-dialog@1.1.17 want: 1.1.6
190 silly placeDep ROOT @radix-ui/react-primitive@2.1.6 OK for: @radix-ui/react-dialog@1.1.17 want: 2.1.6
191 silly placeDep ROOT @radix-ui/react-slot@1.3.0 OK for: @radix-ui/react-dialog@1.1.17 want: 1.3.0
192 silly placeDep ROOT @radix-ui/react-use-controllable-state@1.2.3 OK for: @radix-ui/react-dialog@1.1.17 want: 1.2.3
193 silly placeDep ROOT aria-hidden@1.2.6 OK for: @radix-ui/react-dialog@1.1.17 want: ^1.2.4
194 silly placeDep ROOT react-remove-scroll@2.7.2 OK for: @radix-ui/react-dialog@1.1.17 want: ^2.7.2
195 silly fetch manifest @radix-ui/react-use-callback-ref@1.1.2
196 silly packumentCache full:https://registry.npmjs.org/@radix-ui%2freact-use-callback-ref cache-miss
197 silly fetch manifest @radix-ui/react-use-escape-keydown@1.1.2
198 silly packumentCache full:https://registry.npmjs.org/@radix-ui%2freact-use-escape-keydown cache-miss
199 silly fetch manifest @radix-ui/react-use-callback-ref@1.1.2
200 silly packumentCache full:https://registry.npmjs.org/@radix-ui%2freact-use-callback-ref cache-miss
201 silly fetch manifest @radix-ui/react-use-layout-effect@1.1.2
202 silly packumentCache full:https://registry.npmjs.org/@radix-ui%2freact-use-layout-effect cache-miss
203 silly fetch manifest @radix-ui/react-use-layout-effect@1.1.2
204 silly packumentCache full:https://registry.npmjs.org/@radix-ui%2freact-use-layout-effect cache-miss
205 silly fetch manifest @radix-ui/react-use-layout-effect@1.1.2
206 silly packumentCache full:https://registry.npmjs.org/@radix-ui%2freact-use-layout-effect cache-miss
207 silly fetch manifest @radix-ui/react-use-effect-event@0.0.3
208 silly packumentCache full:https://registry.npmjs.org/@radix-ui%2freact-use-effect-event cache-miss
209 http fetch GET 200 https://registry.npmjs.org/@radix-ui%2freact-use-callback-ref 109ms (cache miss)
210 silly packumentCache full:https://registry.npmjs.org/@radix-ui%2freact-use-callback-ref set size:undefined disposed:false
211 silly fetch manifest @radix-ui/react-use-layout-effect@1.1.2
212 silly packumentCache full:https://registry.npmjs.org/@radix-ui%2freact-use-layout-effect cache-miss
213 http fetch GET 200 https://registry.npmjs.org/@radix-ui%2freact-use-layout-effect 114ms (cache miss)
214 silly packumentCache full:https://registry.npmjs.org/@radix-ui%2freact-use-layout-effect set size:undefined disposed:false
215 silly fetch manifest tslib@^2.0.0
216 silly packumentCache full:https://registry.npmjs.org/tslib cache-miss
217 http fetch GET 200 https://registry.npmjs.org/@radix-ui%2freact-use-callback-ref 172ms (cache miss)
218 silly packumentCache full:https://registry.npmjs.org/@radix-ui%2freact-use-callback-ref set size:undefined disposed:false
219 silly fetch manifest react-remove-scroll-bar@^2.3.7
220 silly packumentCache full:https://registry.npmjs.org/react-remove-scroll-bar cache-miss
221 http fetch GET 200 https://registry.npmjs.org/@radix-ui%2freact-use-layout-effect 174ms (cache miss)
222 silly packumentCache full:https://registry.npmjs.org/@radix-ui%2freact-use-layout-effect set size:undefined disposed:false
223 silly fetch manifest react-style-singleton@^2.2.3
224 silly packumentCache full:https://registry.npmjs.org/react-style-singleton cache-miss
225 http fetch GET 200 https://registry.npmjs.org/@radix-ui%2freact-use-effect-event 199ms (cache miss)
226 silly packumentCache full:https://registry.npmjs.org/@radix-ui%2freact-use-effect-event set size:undefined disposed:false
227 silly fetch manifest tslib@^2.1.0
228 silly packumentCache full:https://registry.npmjs.org/tslib cache-miss
229 http fetch GET 200 https://registry.npmjs.org/@radix-ui%2freact-use-layout-effect 204ms (cache miss)
230 silly packumentCache full:https://registry.npmjs.org/@radix-ui%2freact-use-layout-effect set size:undefined disposed:false
231 silly fetch manifest use-callback-ref@^1.3.3
232 silly packumentCache full:https://registry.npmjs.org/use-callback-ref cache-miss
233 http cache https://registry.npmjs.org/@radix-ui%2freact-use-layout-effect 114ms (cache hit)
234 silly packumentCache full:https://registry.npmjs.org/@radix-ui%2freact-use-layout-effect set size:241967 disposed:false
235 silly fetch manifest use-sidecar@^1.1.3
236 silly packumentCache full:https://registry.npmjs.org/use-sidecar cache-miss
237 http fetch GET 200 https://registry.npmjs.org/@radix-ui%2freact-use-escape-keydown 310ms (cache miss)
238 silly packumentCache full:https://registry.npmjs.org/@radix-ui%2freact-use-escape-keydown set size:undefined disposed:false
239 http fetch GET 200 https://registry.npmjs.org/tslib 205ms (cache miss)
240 silly packumentCache full:https://registry.npmjs.org/tslib set size:undefined disposed:false
241 http fetch GET 200 https://registry.npmjs.org/tslib 163ms (cache miss)
242 silly packumentCache full:https://registry.npmjs.org/tslib set size:undefined disposed:false
243 http fetch GET 200 https://registry.npmjs.org/react-style-singleton 191ms (cache miss)
244 silly packumentCache full:https://registry.npmjs.org/react-style-singleton set size:undefined disposed:false
245 http fetch GET 200 https://registry.npmjs.org/react-remove-scroll-bar 202ms (cache miss)
246 silly packumentCache full:https://registry.npmjs.org/react-remove-scroll-bar set size:undefined disposed:false
247 http fetch GET 200 https://registry.npmjs.org/use-callback-ref 219ms (cache miss)
248 silly packumentCache full:https://registry.npmjs.org/use-callback-ref set size:undefined disposed:false
249 http fetch GET 200 https://registry.npmjs.org/use-sidecar 207ms (cache miss)
250 silly packumentCache full:https://registry.npmjs.org/use-sidecar set size:undefined disposed:false
251 silly placeDep ROOT @radix-ui/react-use-callback-ref@1.1.2 OK for: @radix-ui/react-dismissable-layer@1.1.13 want: 1.1.2
252 silly placeDep ROOT @radix-ui/react-use-escape-keydown@1.1.2 OK for: @radix-ui/react-dismissable-layer@1.1.13 want: 1.1.2
253 silly placeDep ROOT @radix-ui/react-use-layout-effect@1.1.2 OK for: @radix-ui/react-id@1.1.2 want: 1.1.2
254 silly placeDep ROOT @radix-ui/react-use-effect-event@0.0.3 OK for: @radix-ui/react-use-controllable-state@1.2.3 want: 0.0.3
255 silly placeDep ROOT tslib@2.8.1 OK for: aria-hidden@1.2.6 want: ^2.0.0
256 silly fetch manifest react@^16.8.0 || ^17.0.0 || ^18.0.0 || ^19.0.0 || ^19.0.0-rc
257 silly packumentCache full:https://registry.npmjs.org/react cache-miss
258 http cache https://registry.npmjs.org/react 207ms (cache hit)
259 silly packumentCache full:https://registry.npmjs.org/react set size:6720097 disposed:false
260 silly placeDep ROOT react-remove-scroll-bar@2.3.8 OK for: react-remove-scroll@2.7.2 want: ^2.3.7
261 silly placeDep ROOT react-style-singleton@2.2.3 OK for: react-remove-scroll@2.7.2 want: ^2.2.3
262 silly placeDep ROOT use-callback-ref@1.3.3 OK for: react-remove-scroll@2.7.2 want: ^1.3.3
263 silly placeDep ROOT use-sidecar@1.1.3 OK for: react-remove-scroll@2.7.2 want: ^1.1.3
264 silly fetch manifest react-style-singleton@^2.2.2
265 silly packumentCache full:https://registry.npmjs.org/react-style-singleton cache-miss
266 silly fetch manifest get-nonce@^1.0.0
267 silly packumentCache full:https://registry.npmjs.org/get-nonce cache-miss
268 silly fetch manifest detect-node-es@^1.1.0
269 silly packumentCache full:https://registry.npmjs.org/detect-node-es cache-miss
270 http cache https://registry.npmjs.org/react-style-singleton 30ms (cache hit)
271 silly packumentCache full:https://registry.npmjs.org/react-style-singleton set size:33682 disposed:false
272 http fetch GET 200 https://registry.npmjs.org/detect-node-es 120ms (cache miss)
273 silly packumentCache full:https://registry.npmjs.org/detect-node-es set size:undefined disposed:false
274 http fetch GET 200 https://registry.npmjs.org/get-nonce 167ms (cache miss)
275 silly packumentCache full:https://registry.npmjs.org/get-nonce set size:undefined disposed:false
276 silly placeDep ROOT get-nonce@1.0.1 OK for: react-style-singleton@2.2.3 want: ^1.0.0
277 silly placeDep ROOT detect-node-es@1.1.0 OK for: use-sidecar@1.1.3 want: ^1.1.0
278 silly reify moves {}
279 silly audit bulk request {
279 silly audit   '@babel/code-frame': [ '7.29.7' ],
279 silly audit   '@babel/compat-data': [ '7.29.7' ],
279 silly audit   '@babel/core': [ '7.29.7' ],
279 silly audit   semver: [ '6.3.1', '7.8.4' ],
279 silly audit   '@babel/generator': [ '7.29.7' ],
279 silly audit   '@babel/helper-annotate-as-pure': [ '7.29.7' ],
279 silly audit   '@babel/helper-compilation-targets': [ '7.29.7' ],
279 silly audit   '@babel/helper-create-class-features-plugin': [ '7.29.7' ],
279 silly audit   '@babel/helper-create-regexp-features-plugin': [ '7.29.7' ],
279 silly audit   '@babel/helper-define-polyfill-provider': [ '0.6.8' ],
279 silly audit   '@babel/helper-globals': [ '7.29.7' ],
279 silly audit   '@babel/helper-member-expression-to-functions': [ '7.29.7' ],
279 silly audit   '@babel/helper-module-imports': [ '7.29.7' ],
279 silly audit   '@babel/helper-module-transforms': [ '7.29.7' ],
279 silly audit   '@babel/helper-optimise-call-expression': [ '7.29.7' ],
279 silly audit   '@babel/helper-plugin-utils': [ '7.29.7' ],
279 silly audit   '@babel/helper-remap-async-to-generator': [ '7.29.7' ],
279 silly audit   '@babel/helper-replace-supers': [ '7.29.7' ],
279 silly audit   '@babel/helper-skip-transparent-expression-wrappers': [ '7.29.7' ],
279 silly audit   '@babel/helper-string-parser': [ '7.29.7' ],
279 silly audit   '@babel/helper-validator-identifier': [ '7.29.7' ],
279 silly audit   '@babel/helper-validator-option': [ '7.29.7' ],
279 silly audit   '@babel/helper-wrap-function': [ '7.29.7' ],
279 silly audit   '@babel/helpers': [ '7.29.7' ],
279 silly audit   '@babel/parser': [ '7.29.7' ],
279 silly audit   '@babel/plugin-proposal-decorators': [ '7.29.7' ],
279 silly audit   '@babel/plugin-proposal-export-default-from': [ '7.29.7' ],
279 silly audit   '@babel/plugin-syntax-decorators': [ '7.29.7' ],
279 silly audit   '@babel/plugin-syntax-dynamic-import': [ '7.8.3' ],
279 silly audit   '@babel/plugin-syntax-export-default-from': [ '7.29.7' ],
279 silly audit   '@babel/plugin-syntax-flow': [ '7.29.7' ],
279 silly audit   '@babel/plugin-syntax-jsx': [ '7.29.7' ],
279 silly audit   '@babel/plugin-syntax-nullish-coalescing-operator': [ '7.8.3' ],
279 silly audit   '@babel/plugin-syntax-optional-chaining': [ '7.8.3' ],
279 silly audit   '@babel/plugin-syntax-typescript': [ '7.29.7' ],
279 silly audit   '@babel/plugin-transform-async-generator-functions': [ '7.29.7' ],
279 silly audit   '@babel/plugin-transform-async-to-generator': [ '7.29.7' ],
279 silly audit   '@babel/plugin-transform-block-scoping': [ '7.29.7' ],
279 silly audit   '@babel/plugin-transform-class-properties': [ '7.29.7' ],
279 silly audit   '@babel/plugin-transform-class-static-block': [ '7.29.7' ],
279 silly audit   '@babel/plugin-transform-classes': [ '7.29.7' ],
279 silly audit   '@babel/plugin-transform-destructuring': [ '7.29.7' ],
279 silly audit   '@babel/plugin-transform-export-namespace-from': [ '7.29.7' ],
279 silly audit   '@babel/plugin-transform-flow-strip-types': [ '7.29.7' ],
279 silly audit   '@babel/plugin-transform-for-of': [ '7.29.7' ],
279 silly audit   '@babel/plugin-transform-logical-assignment-operators': [ '7.29.7' ],
279 silly audit   '@babel/plugin-transform-modules-commonjs': [ '7.29.7' ],
279 silly audit   '@babel/plugin-transform-named-capturing-groups-regex': [ '7.29.7' ],
279 silly audit   '@babel/plugin-transform-nullish-coalescing-operator': [ '7.29.7' ],
279 silly audit   '@babel/plugin-transform-object-rest-spread': [ '7.29.7' ],
279 silly audit   '@babel/plugin-transform-optional-catch-binding': [ '7.29.7' ],
279 silly audit   '@babel/plugin-transform-optional-chaining': [ '7.29.7' ],
279 silly audit   '@babel/plugin-transform-parameters': [ '7.29.7' ],
279 silly audit   '@babel/plugin-transform-private-methods': [ '7.29.7' ],
279 silly audit   '@babel/plugin-transform-private-property-in-object': [ '7.29.7' ],
279 silly audit   '@babel/plugin-transform-react-display-name': [ '7.29.7' ],
279 silly audit   '@babel/plugin-transform-react-jsx': [ '7.29.7' ],
279 silly audit   '@babel/plugin-transform-react-jsx-development': [ '7.29.7' ],
279 silly audit   '@babel/plugin-transform-react-pure-annotations': [ '7.29.7' ],
279 silly audit   '@babel/plugin-transform-runtime': [ '7.29.7' ],
279 silly audit   '@babel/plugin-transform-typescript': [ '7.29.7' ],
279 silly audit   '@babel/plugin-transform-unicode-regex': [ '7.29.7' ],
279 silly audit   '@babel/preset-typescript': [ '7.29.7' ],
279 silly audit   '@babel/runtime': [ '7.29.7' ],
279 silly audit   '@babel/template': [ '7.29.7' ],
279 silly audit   '@babel/traverse': [ '7.29.7' ],
279 silly audit   '@babel/types': [ '7.29.7' ],
279 silly audit   '@expo/code-signing-certificates': [ '0.0.6' ],
279 silly audit   '@expo/config': [ '56.0.9' ],
279 silly audit   '@expo/config-plugins': [ '56.0.9' ],
279 silly audit   '@expo/config-types': [ '56.0.6' ],
279 silly audit   '@expo/devcert': [ '1.2.1' ],
279 silly audit   debug: [ '3.2.7', '2.6.9', '4.4.3' ],
279 silly audit   '@expo/devtools': [ '56.0.2' ],
279 silly audit   '@expo/env': [ '2.3.0' ],
279 silly audit   '@expo/expo-modules-macros-plugin': [ '0.2.2' ],
279 silly audit   '@expo/fingerprint': [ '0.19.4' ],
279 silly audit   '@expo/image-utils': [ '0.10.1' ],
279 silly audit   '@expo/inline-modules': [ '0.0.12' ],
279 silly audit   '@expo/json-file': [ '10.2.0' ],
279 silly audit   '@expo/local-build-cache-provider': [ '56.0.8' ],
279 silly audit   '@expo/metro': [ '56.0.0' ],
279 silly audit   '@expo/metro-file-map': [ '56.0.3' ],
279 silly audit   '@expo/osascript': [ '2.6.0' ],
279 silly audit   '@expo/package-manager': [ '1.12.1' ],
279 silly audit   '@expo/plist': [ '0.7.0' ],
279 silly audit   '@expo/prebuild-config': [ '56.0.16' ],
279 silly audit   '@expo/require-utils': [ '56.1.3' ],
279 silly audit   '@expo/schema-utils': [ '56.0.1' ],
279 silly audit   '@expo/sdk-runtime-versions': [ '1.0.0' ],
279 silly audit   '@expo/spawn-async': [ '1.8.0' ],
279 silly audit   '@expo/sudo-prompt': [ '9.3.2' ],
279 silly audit   '@expo/vector-icons': [ '15.1.1' ],
279 silly audit   '@expo/xcpretty': [ '4.4.4' ],
279 silly audit   '@isaacs/ttlcache': [ '1.4.1' ],
279 silly audit   '@jest/schemas': [ '29.6.3' ],
279 silly audit   '@jest/types': [ '29.6.3' ],
279 silly audit   '@jridgewell/gen-mapping': [ '0.3.13' ],
279 silly audit   '@jridgewell/remapping': [ '2.3.5' ],
279 silly audit   '@jridgewell/resolve-uri': [ '3.1.2' ],
279 silly audit   '@jridgewell/source-map': [ '0.3.11' ],
279 silly audit   '@jridgewell/sourcemap-codec': [ '1.5.5' ],
279 silly audit   '@jridgewell/trace-mapping': [ '0.3.31' ],
279 silly audit   '@material-symbols/font-400': [ '0.45.2' ],
279 silly audit   '@react-native/assets-registry': [ '0.85.3' ],
279 silly audit   '@react-native/babel-plugin-codegen': [ '0.85.3' ],
279 silly audit   '@react-native/codegen': [ '0.85.3' ],
279 silly audit   'hermes-estree': [ '0.33.3', '0.35.0' ],
279 silly audit   'hermes-parser': [ '0.33.3', '0.35.0' ],
279 silly audit   '@react-native/community-cli-plugin': [ '0.85.3' ],
279 silly audit   '@react-native/debugger-frontend': [ '0.85.3' ],
279 silly audit   '@react-native/debugger-shell': [ '0.85.3' ],
279 silly audit   '@react-native/dev-middleware': [ '0.85.3' ],
279 silly audit   '@react-native/gradle-plugin': [ '0.85.3' ],
279 silly audit   '@react-native/js-polyfills': [ '0.85.3' ],
279 silly audit   '@react-native/normalize-colors': [ '0.85.3' ],
279 silly audit   '@react-native/virtualized-lists': [ '0.85.3' ],
279 silly audit   '@sinclair/typebox': [ '0.27.10' ],
279 silly audit   '@types/istanbul-lib-coverage': [ '2.0.6' ],
279 silly audit   '@types/istanbul-lib-report': [ '3.0.3' ],
279 silly audit   '@types/istanbul-reports': [ '3.0.4' ],
279 silly audit   '@types/node': [ '25.9.3' ],
279 silly audit   '@types/react': [ '19.2.17' ],
279 silly audit   '@types/yargs': [ '17.0.35' ],
279 silly audit   '@types/yargs-parser': [ '21.0.3' ],
279 silly audit   '@ungap/structured-clone': [ '1.3.1' ],
279 silly audit   '@xmldom/xmldom': [ '0.8.13', '0.9.10' ],
279 silly audit   'abort-controller': [ '3.0.0' ],
279 silly audit   accepts: [ '2.0.0', '1.3.8' ],
279 silly audit   acorn: [ '8.17.0' ],
279 silly audit   'agent-base': [ '7.1.4' ],
279 silly audit   anser: [ '1.4.10' ],
279 silly audit   'ansi-escapes': [ '4.3.2' ],
279 silly audit   'type-fest': [ '0.21.3', '0.7.1' ],
279 silly audit   'ansi-regex': [ '5.0.1', '4.1.1' ],
279 silly audit   'ansi-styles': [ '4.3.0', '3.2.1', '5.2.0' ],
279 silly audit   arg: [ '5.0.2' ],
279 silly audit   argparse: [ '2.0.1' ],
279 silly audit   asap: [ '2.0.6' ],
279 silly audit   'babel-plugin-polyfill-corejs2': [ '0.4.17' ],
279 silly audit   'babel-plugin-polyfill-corejs3': [ '0.13.0' ],
279 silly audit   'babel-plugin-polyfill-regenerator': [ '0.6.8' ],
279 silly audit   'babel-plugin-react-compiler': [ '1.0.0' ],
279 silly audit   'babel-plugin-react-native-web': [ '0.21.2' ],
279 silly audit   'babel-plugin-syntax-hermes-parser': [ '0.33.3' ],
279 silly audit   'babel-plugin-transform-flow-enums': [ '0.0.2' ],
279 silly audit   'balanced-match': [ '4.0.4' ],
279 silly audit   'base64-js': [ '1.5.1' ],
279 silly audit   'baseline-browser-mapping': [ '2.10.37' ],
279 silly audit   'big-integer': [ '1.6.52' ],
279 silly audit   'bplist-creator': [ '0.1.0' ],
279 silly audit   'bplist-parser': [ '0.3.1' ],
279 silly audit   'brace-expansion': [ '5.0.6' ],
279 silly audit   braces: [ '3.0.3' ],
279 silly audit   browserslist: [ '4.28.2' ],
279 silly audit   bser: [ '2.1.1' ],
279 silly audit   'buffer-from': [ '1.1.2' ],
279 silly audit   bytes: [ '3.1.2' ],
279 silly audit   camelcase: [ '6.3.0' ],
279 silly audit   'caniuse-lite': [ '1.0.30001799' ],
279 silly audit   chalk: [ '4.1.2', '2.4.2' ],
279 silly audit   'chrome-launcher': [ '0.15.2' ],
279 silly audit   'chromium-edge-launcher': [ '0.3.0' ],
279 silly audit   'ci-info': [ '2.0.0', '3.9.0' ],
279 silly audit   'cli-cursor': [ '2.1.0' ],
279 silly audit   'cli-spinners': [ '2.9.2' ],
279 silly audit   cliui: [ '8.0.1' ],
279 silly audit   clone: [ '1.0.4' ],
279 silly audit   'color-convert': [ '2.0.1', '1.9.3' ],
279 silly audit   'color-name': [ '1.1.4', '1.1.3' ],
279 silly audit   commander: [ '7.2.0', '12.1.0', '2.20.3' ],
279 silly audit   compressible: [ '2.0.18' ],
279 silly audit   compression: [ '1.8.1' ],
279 silly audit   ms: [ '2.0.0', '2.1.3' ],
279 silly audit   negotiator: [ '0.6.4', '0.6.3', '1.0.0' ],
279 silly audit   connect: [ '3.7.0' ],
279 silly audit   'convert-source-map': [ '2.0.0' ],
279 silly audit   'core-js-compat': [ '3.49.0' ],
279 silly audit   'cross-spawn': [ '7.0.6' ],
279 silly audit   csstype: [ '3.2.3' ],
279 silly audit   deepmerge: [ '4.3.1' ],
279 silly audit   defaults: [ '1.0.4' ],
279 silly audit   depd: [ '2.0.0' ],
279 silly audit   destroy: [ '1.2.0' ],
279 silly audit   'detect-libc': [ '2.1.2' ],
279 silly audit   'dnssd-advertise': [ '1.1.6' ],
279 silly audit   'ee-first': [ '1.1.1' ],
279 silly audit   'electron-to-chromium': [ '1.5.373' ],
279 silly audit   'emoji-regex': [ '8.0.0' ],
279 silly audit   encodeurl: [ '1.0.2', '2.0.0' ],
279 silly audit   'error-stack-parser': [ '2.1.4' ],
279 silly audit   'es-errors': [ '1.3.0' ],
279 silly audit   escalade: [ '3.2.0' ],
279 silly audit   'escape-html': [ '1.0.3' ],
279 silly audit   'escape-string-regexp': [ '4.0.0', '1.0.5' ],
279 silly audit   etag: [ '1.8.1' ],
279 silly audit   'event-target-shim': [ '5.0.1' ],
279 silly audit   expo: [ '56.0.12' ],
279 silly audit   'expo-font': [ '56.0.7' ],
279 silly audit   'expo-modules-autolinking': [ '56.0.16' ],
279 silly audit   'expo-modules-core': [ '56.0.17' ],
279 silly audit   'expo-modules-jsi': [ '56.0.10' ],
279 silly audit   'expo-server': [ '56.0.5' ],
279 silly audit   'expo-status-bar': [ '56.0.4' ],
279 silly audit   '@expo/cli': [ '56.1.16' ],
279 silly audit   '@expo/router-server': [ '56.0.14' ],
279 silly audit   '@expo/dom-webview': [ '56.0.5' ],
279 silly audit   '@expo/log-box': [ '56.0.13' ],
279 silly audit   '@expo/metro-config': [ '56.0.14' ],
279 silly audit   '@expo/ws-tunnel': [ '2.0.0' ],
279 silly audit   'babel-preset-expo': [ '56.0.15' ],
279 silly audit   'expo-asset': [ '56.0.17' ],
279 silly audit   'expo-constants': [ '56.0.18' ],
279 silly audit   'expo-file-system': [ '56.0.8' ],
279 silly audit   'expo-keep-awake': [ '56.0.3' ],
279 silly audit   'mime-db': [ '1.52.0', '1.54.0' ],
279 silly audit   'mime-types': [ '2.1.35', '3.0.2' ],
279 silly audit   picomatch: [ '4.0.4', '2.3.2' ],
279 silly audit   ws: [ '8.21.0', '7.5.11' ],
279 silly audit   'exponential-backoff': [ '3.1.3' ],
279 silly audit   'fb-dotslash': [ '0.5.8' ],
279 silly audit   'fb-watchman': [ '2.0.2' ],
279 silly audit   'fetch-nodeshim': [ '0.4.10' ],
279 silly audit   'fill-range': [ '7.1.1' ],
279 silly audit   finalhandler: [ '1.1.2' ],
279 silly audit   'flow-enums-runtime': [ '0.0.6' ],
279 silly audit   fontfaceobserver: [ '2.3.0' ],
279 silly audit   fresh: [ '0.5.2' ],
279 silly audit   'function-bind': [ '1.1.2' ],
279 silly audit   gensync: [ '1.0.0-beta.2' ],
279 silly audit   'get-caller-file': [ '2.0.5' ],
279 silly audit   getenv: [ '2.0.0' ],
279 silly audit   glob: [ '13.0.6' ],
279 silly audit   'graceful-fs': [ '4.2.11' ],
279 silly audit   'has-flag': [ '4.0.0', '3.0.0' ],
279 silly audit   hasown: [ '2.0.4' ],
279 silly audit   'hermes-compiler': [ '250829098.0.10' ],
279 silly audit   'hosted-git-info': [ '7.0.2' ],
279 silly audit   'lru-cache': [ '10.4.3', '5.1.1', '11.5.1' ],
279 silly audit   'http-errors': [ '2.0.1' ],
279 silly audit   statuses: [ '2.0.2', '1.5.0' ],
279 silly audit   'https-proxy-agent': [ '7.0.6' ],
279 silly audit   ignore: [ '5.3.2' ],
279 silly audit   'image-size': [ '1.2.1' ],
279 silly audit   inherits: [ '2.0.4' ],
279 silly audit   invariant: [ '2.2.4' ],
279 silly audit   'is-core-module': [ '2.16.2' ],
279 silly audit   'is-docker': [ '2.2.1' ],
279 silly audit   'is-fullwidth-code-point': [ '3.0.0' ],
279 silly audit   'is-number': [ '7.0.0' ],
279 silly audit   'is-wsl': [ '2.2.0' ],
279 silly audit   isexe: [ '2.0.0' ],
279 silly audit   'jest-get-type': [ '29.6.3' ],
279 silly audit   'jest-util': [ '29.7.0' ],
279 silly audit   'jest-validate': [ '29.7.0' ],
279 silly audit   'jest-worker': [ '29.7.0' ],
279 silly audit   'supports-color': [ '8.1.1', '5.5.0', '7.2.0' ],
279 silly audit   'jimp-compact': [ '0.16.1' ],
279 silly audit   'js-tokens': [ '4.0.0' ],
279 silly audit   'js-yaml': [ '4.2.0' ],
279 silly audit   'jsc-safe-url': [ '0.2.4' ],
279 silly audit   jsesc: [ '3.1.0' ],
279 silly audit   json5: [ '2.2.3' ],
279 silly audit   kleur: [ '3.0.3' ],
279 silly audit   'lan-network': [ '0.2.1' ],
279 silly audit   leven: [ '3.1.0' ],
279 silly audit   'lighthouse-logger': [ '1.4.2' ],
279 silly audit   lightningcss: [ '1.32.0' ],
279 silly audit   'lightningcss-android-arm64': [ '1.32.0' ],
279 silly audit   'lightningcss-darwin-arm64': [ '1.32.0' ],
279 silly audit   'lightningcss-darwin-x64': [ '1.32.0' ],
279 silly audit   'lightningcss-freebsd-x64': [ '1.32.0' ],
279 silly audit   'lightningcss-linux-arm-gnueabihf': [ '1.32.0' ],
279 silly audit   'lightningcss-linux-arm64-gnu': [ '1.32.0' ],
279 silly audit   'lightningcss-linux-arm64-musl': [ '1.32.0' ],
279 silly audit   'lightningcss-linux-x64-gnu': [ '1.32.0' ],
279 silly audit   'lightningcss-linux-x64-musl': [ '1.32.0' ],
279 silly audit   'lightningcss-win32-arm64-msvc': [ '1.32.0' ],
279 silly audit   'lightningcss-win32-x64-msvc': [ '1.32.0' ],
279 silly audit   'lodash.debounce': [ '4.0.8' ],
279 silly audit   'lodash.throttle': [ '4.1.1' ],
279 silly audit   'log-symbols': [ '2.2.0' ],
279 silly audit   'loose-envify': [ '1.4.0' ],
279 silly audit   makeerror: [ '1.0.12' ],
279 silly audit   marky: [ '1.3.0' ],
279 silly audit   'memoize-one': [ '5.2.1' ],
279 silly audit   'merge-stream': [ '2.0.0' ],
279 silly audit   metro: [ '0.84.4' ],
279 silly audit   'metro-babel-transformer': [ '0.84.4' ],
279 silly audit   'metro-cache': [ '0.84.4' ],
279 silly audit   'metro-cache-key': [ '0.84.4' ],
279 silly audit   'metro-config': [ '0.84.4' ],
279 silly audit   'metro-core': [ '0.84.4' ],
279 silly audit   'metro-file-map': [ '0.84.4' ],
279 silly audit   'metro-minify-terser': [ '0.84.4' ],
279 silly audit   'metro-resolver': [ '0.84.4' ],
279 silly audit   'metro-runtime': [ '0.84.4' ],
279 silly audit   'metro-source-map': [ '0.84.4' ],
279 silly audit   'metro-symbolicate': [ '0.84.4' ],
279 silly audit   'metro-transform-plugins': [ '0.84.4' ],
279 silly audit   'metro-transform-worker': [ '0.84.4' ],
279 silly audit   micromatch: [ '4.0.8' ],
279 silly audit   mime: [ '1.6.0' ],
279 silly audit   'mimic-fn': [ '1.2.0' ],
279 silly audit   minimatch: [ '10.2.5' ],
279 silly audit   minipass: [ '7.1.3' ],
279 silly audit   mkdirp: [ '1.0.4' ],
279 silly audit   multitars: [ '1.0.0' ],
279 silly audit   nanoid: [ '3.3.12' ],
279 silly audit   'node-forge': [ '1.4.0' ],
279 silly audit   'node-int64': [ '0.4.0' ],
279 silly audit   'node-releases': [ '2.0.47' ],
279 silly audit   'npm-package-arg': [ '11.0.3' ],
279 silly audit   nullthrows: [ '1.1.1' ],
279 silly audit   ob1: [ '0.84.4' ],
279 silly audit   'on-finished': [ '2.3.0', '2.4.1' ],
279 silly audit   'on-headers': [ '1.1.0' ],
279 silly audit   onetime: [ '2.0.1' ],
279 silly audit   open: [ '7.4.2' ],
279 silly audit   ora: [ '3.4.0' ],
279 silly audit   'strip-ansi': [ '5.2.0', '6.0.1' ],
279 silly audit   'parse-png': [ '2.1.0' ],
279 silly audit   parseurl: [ '1.3.3' ],
279 silly audit   'path-key': [ '3.1.1' ],
279 silly audit   'path-parse': [ '1.0.7' ],
279 silly audit   'path-scurry': [ '2.0.2' ],
279 silly audit   picocolors: [ '1.1.1' ],
279 silly audit   plist: [ '3.1.1' ],
279 silly audit   pngjs: [ '3.4.0' ],
279 silly audit   postcss: [ '8.5.15' ],
279 silly audit   'pretty-format': [ '29.7.0' ],
279 silly audit   'proc-log': [ '4.2.0' ],
279 silly audit   progress: [ '2.0.3' ],
279 silly audit   promise: [ '8.3.0' ],
279 silly audit   prompts: [ '2.4.2' ],
279 silly audit   queue: [ '6.0.2' ],
279 silly audit   'range-parser': [ '1.2.1' ],
279 silly audit   react: [ '19.2.3' ],
279 silly audit   'react-devtools-core': [ '6.1.5' ],
279 silly audit   'react-is': [ '18.3.1' ],
279 silly audit   'react-native': [ '0.85.3' ],
279 silly audit   'react-refresh': [ '0.14.2' ],
279 silly audit   regenerate: [ '1.4.2' ],
279 silly audit   'regenerate-unicode-properties': [ '10.2.2' ],
279 silly audit   'regenerator-runtime': [ '0.13.11' ],
279 silly audit   'regexpu-core': [ '6.4.0' ],
279 silly audit   regjsgen: [ '0.8.0' ],
279 silly audit   regjsparser: [ '0.13.2' ],
279 silly audit   'require-directory': [ '2.1.1' ],
279 silly audit   resolve: [ '1.22.12' ],
279 silly audit   'resolve-from': [ '5.0.0' ],
279 silly audit   'resolve-workspace-root': [ '2.0.1' ],
279 silly audit   'restore-cursor': [ '2.0.0' ],
279 silly audit   'safe-buffer': [ '5.2.1' ],
279 silly audit   sax: [ '1.6.0' ],
279 silly audit   scheduler: [ '0.27.0' ],
279 silly audit   send: [ '0.19.2' ],
279 silly audit   'serialize-error': [ '2.1.0' ],
279 silly audit   'serve-static': [ '1.16.3' ],
279 silly audit   setprototypeof: [ '1.2.0' ],
279 silly audit   'shebang-command': [ '2.0.0' ],
279 silly audit   'shebang-regex': [ '3.0.0' ],
279 silly audit   'shell-quote': [ '1.8.4' ],
279 silly audit   'signal-exit': [ '3.0.7' ],
279 silly audit   'simple-plist': [ '1.3.1' ],
279 silly audit   sisteransi: [ '1.0.5' ],
279 silly audit   slugify: [ '1.6.9' ],
279 silly audit   'source-map': [ '0.5.7', '0.6.1' ],
279 silly audit   'source-map-js': [ '1.2.1' ],
279 silly audit   'source-map-support': [ '0.5.21' ],
279 silly audit   stackframe: [ '1.3.4' ],
279 silly audit   'stacktrace-parser': [ '0.1.11' ],
279 silly audit   'stream-buffers': [ '2.2.0' ],
279 silly audit   'string-width': [ '4.2.3' ],
279 silly audit   'structured-headers': [ '0.4.1' ],
279 silly audit   'supports-hyperlinks': [ '2.3.0' ],
279 silly audit   'supports-preserve-symlinks-flag': [ '1.0.0' ],
279 silly audit   'terminal-link': [ '2.1.1' ],
279 silly audit   terser: [ '5.48.0' ],
279 silly audit   throat: [ '5.0.0' ],
279 silly audit   tinyglobby: [ '0.2.17' ],
279 silly audit   fdir: [ '6.5.0' ],
279 silly audit   tmpl: [ '1.0.5' ],
279 silly audit   'to-regex-range': [ '5.0.1' ],
279 silly audit   toidentifier: [ '1.0.1' ],
279 silly audit   toqr: [ '0.1.1' ],
279 silly audit   typescript: [ '6.0.3' ],
279 silly audit   'undici-types': [ '7.24.6' ],
279 silly audit   'unicode-canonical-property-names-ecmascript': [ '2.0.1' ],
279 silly audit   'unicode-match-property-ecmascript': [ '2.0.0' ],
279 silly audit   'unicode-match-property-value-ecmascript': [ '2.2.1' ],
279 silly audit   'unicode-property-aliases-ecmascript': [ '2.2.0' ],
279 silly audit   unpipe: [ '1.0.0' ],
279 silly audit   'update-browserslist-db': [ '1.2.3' ],
279 silly audit   'utils-merge': [ '1.0.1' ],
279 silly audit   uuid: [ '7.0.3' ],
279 silly audit   'validate-npm-package-name': [ '5.0.1' ],
279 silly audit   vary: [ '1.1.2' ],
279 silly audit   vlq: [ '1.0.1' ],
279 silly audit   walker: [ '1.0.8' ],
279 silly audit   wcwidth: [ '1.0.1' ],
279 silly audit   'whatwg-fetch': [ '3.6.20' ],
279 silly audit   'whatwg-url-minimum': [ '0.1.2' ],
279 silly audit   which: [ '2.0.2' ],
279 silly audit   'wrap-ansi': [ '7.0.0' ],
279 silly audit   xcode: [ '3.0.1' ],
279 silly audit   xml2js: [ '0.6.0' ],
279 silly audit   xmlbuilder: [ '11.0.1', '15.1.1' ],
279 silly audit   y18n: [ '5.0.8' ],
279 silly audit   yallist: [ '3.1.1' ],
279 silly audit   yaml: [ '2.9.0' ],
279 silly audit   yargs: [ '17.7.2' ],
279 silly audit   'yargs-parser': [ '21.1.1' ],
279 silly audit   zod: [ '3.25.76' ],
279 silly audit   '@expo/material-symbols': [ '0.1.1' ],
279 silly audit   '@expo/ui': [ '56.0.18' ],
279 silly audit   'sf-symbols-typescript': [ '2.2.0' ],
279 silly audit   vaul: [ '1.1.2' ],
279 silly audit   'react-dom': [ '19.2.7' ],
279 silly audit   '@radix-ui/react-dialog': [ '1.1.17' ],
279 silly audit   '@radix-ui/primitive': [ '1.1.4' ],
279 silly audit   '@radix-ui/react-compose-refs': [ '1.1.3' ],
279 silly audit   '@radix-ui/react-context': [ '1.1.4' ],
279 silly audit   '@radix-ui/react-dismissable-layer': [ '1.1.13' ],
279 silly audit   '@radix-ui/react-focus-guards': [ '1.1.4' ],
279 silly audit   '@radix-ui/react-focus-scope': [ '1.1.10' ],
279 silly audit   '@radix-ui/react-id': [ '1.1.2' ],
279 silly audit   '@radix-ui/react-portal': [ '1.1.12' ],
279 silly audit   '@radix-ui/react-presence': [ '1.1.6' ],
279 silly audit   '@radix-ui/react-primitive': [ '2.1.6' ],
279 silly audit   '@radix-ui/react-slot': [ '1.3.0' ],
279 silly audit   '@radix-ui/react-use-controllable-state': [ '1.2.3' ],
279 silly audit   'aria-hidden': [ '1.2.6' ],
279 silly audit   'react-remove-scroll': [ '2.7.2' ],
279 silly audit   '@radix-ui/react-use-callback-ref': [ '1.1.2' ],
279 silly audit   '@radix-ui/react-use-escape-keydown': [ '1.1.2' ],
279 silly audit   '@radix-ui/react-use-layout-effect': [ '1.1.2' ],
279 silly audit   '@radix-ui/react-use-effect-event': [ '0.0.3' ],
279 silly audit   tslib: [ '2.8.1' ],
279 silly audit   'react-remove-scroll-bar': [ '2.3.8' ],
279 silly audit   'react-style-singleton': [ '2.2.3' ],
279 silly audit   'use-callback-ref': [ '1.3.3' ],
279 silly audit   'use-sidecar': [ '1.1.3' ],
279 silly audit   'get-nonce': [ '1.0.1' ],
279 silly audit   'detect-node-es': [ '1.1.0' ]
279 silly audit }
280 http cache detect-node-es@https://registry.npmjs.org/detect-node-es/-/detect-node-es-1.1.0.tgz 0ms (cache hit)
281 http cache get-nonce@https://registry.npmjs.org/get-nonce/-/get-nonce-1.0.1.tgz 0ms (cache hit)
282 http cache use-callback-ref@https://registry.npmjs.org/use-callback-ref/-/use-callback-ref-1.3.3.tgz 0ms (cache hit)
283 http cache use-sidecar@https://registry.npmjs.org/use-sidecar/-/use-sidecar-1.1.3.tgz 0ms (cache hit)
284 http cache @radix-ui/react-use-effect-event@https://registry.npmjs.org/@radix-ui/react-use-effect-event/-/react-use-effect-event-0.0.3.tgz 0ms (cache hit)
285 http cache @radix-ui/react-use-layout-effect@https://registry.npmjs.org/@radix-ui/react-use-layout-effect/-/react-use-layout-effect-1.1.2.tgz 0ms (cache hit)
286 http cache @radix-ui/react-use-escape-keydown@https://registry.npmjs.org/@radix-ui/react-use-escape-keydown/-/react-use-escape-keydown-1.1.2.tgz 0ms (cache hit)
287 http cache @radix-ui/react-use-callback-ref@https://registry.npmjs.org/@radix-ui/react-use-callback-ref/-/react-use-callback-ref-1.1.2.tgz 0ms (cache hit)
288 http cache tslib@https://registry.npmjs.org/tslib/-/tslib-2.8.1.tgz 0ms (cache hit)
289 http cache react-remove-scroll-bar@https://registry.npmjs.org/react-remove-scroll-bar/-/react-remove-scroll-bar-2.3.8.tgz 0ms (cache hit)
290 http cache react-style-singleton@https://registry.npmjs.org/react-style-singleton/-/react-style-singleton-2.2.3.tgz 0ms (cache hit)
291 http cache @radix-ui/react-slot@https://registry.npmjs.org/@radix-ui/react-slot/-/react-slot-1.3.0.tgz 0ms (cache hit)
292 http cache react-remove-scroll@https://registry.npmjs.org/react-remove-scroll/-/react-remove-scroll-2.7.2.tgz 1ms (cache hit)
293 http cache aria-hidden@https://registry.npmjs.org/aria-hidden/-/aria-hidden-1.2.6.tgz 0ms (cache hit)
294 http cache @radix-ui/react-use-controllable-state@https://registry.npmjs.org/@radix-ui/react-use-controllable-state/-/react-use-controllable-state-1.2.3.tgz 0ms (cache hit)
295 http cache @radix-ui/react-primitive@https://registry.npmjs.org/@radix-ui/react-primitive/-/react-primitive-2.1.6.tgz 0ms (cache hit)
296 http cache @radix-ui/react-presence@https://registry.npmjs.org/@radix-ui/react-presence/-/react-presence-1.1.6.tgz 0ms (cache hit)
297 http cache @radix-ui/react-portal@https://registry.npmjs.org/@radix-ui/react-portal/-/react-portal-1.1.12.tgz 0ms (cache hit)
298 http cache @radix-ui/react-id@https://registry.npmjs.org/@radix-ui/react-id/-/react-id-1.1.2.tgz 0ms (cache hit)
299 http cache @radix-ui/react-focus-guards@https://registry.npmjs.org/@radix-ui/react-focus-guards/-/react-focus-guards-1.1.4.tgz 0ms (cache hit)
300 http cache @radix-ui/react-dismissable-layer@https://registry.npmjs.org/@radix-ui/react-dismissable-layer/-/react-dismissable-layer-1.1.13.tgz 0ms (cache hit)
301 http cache @radix-ui/react-focus-scope@https://registry.npmjs.org/@radix-ui/react-focus-scope/-/react-focus-scope-1.1.10.tgz 0ms (cache hit)
302 http cache @radix-ui/react-context@https://registry.npmjs.org/@radix-ui/react-context/-/react-context-1.1.4.tgz 0ms (cache hit)
303 http cache react-dom@https://registry.npmjs.org/react-dom/-/react-dom-19.2.7.tgz 0ms (cache hit)
304 http cache sf-symbols-typescript@https://registry.npmjs.org/sf-symbols-typescript/-/sf-symbols-typescript-2.2.0.tgz 0ms (cache hit)
305 http cache @expo/ui@https://registry.npmjs.org/@expo/ui/-/ui-56.0.18.tgz 0ms (cache hit)
306 http cache @radix-ui/react-compose-refs@https://registry.npmjs.org/@radix-ui/react-compose-refs/-/react-compose-refs-1.1.3.tgz 0ms (cache hit)
307 http cache @expo/material-symbols@https://registry.npmjs.org/@expo/material-symbols/-/material-symbols-0.1.1.tgz 0ms (cache hit)
308 silly tarball no local data for detect-node-es@https://registry.npmjs.org/detect-node-es/-/detect-node-es-1.1.0.tgz. Extracting by manifest.
309 silly tarball no local data for get-nonce@https://registry.npmjs.org/get-nonce/-/get-nonce-1.0.1.tgz. Extracting by manifest.
310 silly tarball no local data for use-callback-ref@https://registry.npmjs.org/use-callback-ref/-/use-callback-ref-1.3.3.tgz. Extracting by manifest.
311 silly tarball no local data for use-sidecar@https://registry.npmjs.org/use-sidecar/-/use-sidecar-1.1.3.tgz. Extracting by manifest.
312 silly tarball no local data for @radix-ui/react-use-effect-event@https://registry.npmjs.org/@radix-ui/react-use-effect-event/-/react-use-effect-event-0.0.3.tgz. Extracting by manifest.
313 silly tarball no local data for @radix-ui/react-use-layout-effect@https://registry.npmjs.org/@radix-ui/react-use-layout-effect/-/react-use-layout-effect-1.1.2.tgz. Extracting by manifest.
314 silly tarball no local data for @radix-ui/react-use-escape-keydown@https://registry.npmjs.org/@radix-ui/react-use-escape-keydown/-/react-use-escape-keydown-1.1.2.tgz. Extracting by manifest.
315 http cache @radix-ui/react-dialog@https://registry.npmjs.org/@radix-ui/react-dialog/-/react-dialog-1.1.17.tgz 0ms (cache hit)
316 silly tarball no local data for @radix-ui/react-use-callback-ref@https://registry.npmjs.org/@radix-ui/react-use-callback-ref/-/react-use-callback-ref-1.1.2.tgz. Extracting by manifest.
317 silly tarball no local data for tslib@https://registry.npmjs.org/tslib/-/tslib-2.8.1.tgz. Extracting by manifest.
318 http cache @radix-ui/primitive@https://registry.npmjs.org/@radix-ui/primitive/-/primitive-1.1.4.tgz 0ms (cache hit)
319 silly tarball no local data for react-remove-scroll-bar@https://registry.npmjs.org/react-remove-scroll-bar/-/react-remove-scroll-bar-2.3.8.tgz. Extracting by manifest.
320 silly tarball no local data for react-style-singleton@https://registry.npmjs.org/react-style-singleton/-/react-style-singleton-2.2.3.tgz. Extracting by manifest.
321 http cache vaul@https://registry.npmjs.org/vaul/-/vaul-1.1.2.tgz 0ms (cache hit)
322 silly tarball no local data for @radix-ui/react-slot@https://registry.npmjs.org/@radix-ui/react-slot/-/react-slot-1.3.0.tgz. Extracting by manifest.
323 silly tarball no local data for react-remove-scroll@https://registry.npmjs.org/react-remove-scroll/-/react-remove-scroll-2.7.2.tgz. Extracting by manifest.
324 silly tarball no local data for aria-hidden@https://registry.npmjs.org/aria-hidden/-/aria-hidden-1.2.6.tgz. Extracting by manifest.
325 silly tarball no local data for @radix-ui/react-use-controllable-state@https://registry.npmjs.org/@radix-ui/react-use-controllable-state/-/react-use-controllable-state-1.2.3.tgz. Extracting by manifest.
326 silly tarball no local data for @radix-ui/react-primitive@https://registry.npmjs.org/@radix-ui/react-primitive/-/react-primitive-2.1.6.tgz. Extracting by manifest.
327 silly tarball no local data for @radix-ui/react-presence@https://registry.npmjs.org/@radix-ui/react-presence/-/react-presence-1.1.6.tgz. Extracting by manifest.
328 silly tarball no local data for @radix-ui/react-portal@https://registry.npmjs.org/@radix-ui/react-portal/-/react-portal-1.1.12.tgz. Extracting by manifest.
329 silly tarball no local data for @radix-ui/react-id@https://registry.npmjs.org/@radix-ui/react-id/-/react-id-1.1.2.tgz. Extracting by manifest.
330 silly tarball no local data for @radix-ui/react-focus-guards@https://registry.npmjs.org/@radix-ui/react-focus-guards/-/react-focus-guards-1.1.4.tgz. Extracting by manifest.
331 silly tarball no local data for @radix-ui/react-dismissable-layer@https://registry.npmjs.org/@radix-ui/react-dismissable-layer/-/react-dismissable-layer-1.1.13.tgz. Extracting by manifest.
332 silly tarball no local data for @radix-ui/react-focus-scope@https://registry.npmjs.org/@radix-ui/react-focus-scope/-/react-focus-scope-1.1.10.tgz. Extracting by manifest.
333 silly tarball no local data for @radix-ui/react-context@https://registry.npmjs.org/@radix-ui/react-context/-/react-context-1.1.4.tgz. Extracting by manifest.
334 silly tarball no local data for react-dom@https://registry.npmjs.org/react-dom/-/react-dom-19.2.7.tgz. Extracting by manifest.
335 silly tarball no local data for sf-symbols-typescript@https://registry.npmjs.org/sf-symbols-typescript/-/sf-symbols-typescript-2.2.0.tgz. Extracting by manifest.
336 silly tarball no local data for @expo/ui@https://registry.npmjs.org/@expo/ui/-/ui-56.0.18.tgz. Extracting by manifest.
337 silly tarball no local data for @radix-ui/react-compose-refs@https://registry.npmjs.org/@radix-ui/react-compose-refs/-/react-compose-refs-1.1.3.tgz. Extracting by manifest.
338 silly tarball no local data for @expo/material-symbols@https://registry.npmjs.org/@expo/material-symbols/-/material-symbols-0.1.1.tgz. Extracting by manifest.
339 silly tarball no local data for @radix-ui/react-dialog@https://registry.npmjs.org/@radix-ui/react-dialog/-/react-dialog-1.1.17.tgz. Extracting by manifest.
340 silly tarball no local data for @radix-ui/primitive@https://registry.npmjs.org/@radix-ui/primitive/-/primitive-1.1.4.tgz. Extracting by manifest.
341 silly tarball no local data for vaul@https://registry.npmjs.org/vaul/-/vaul-1.1.2.tgz. Extracting by manifest.
342 http fetch POST 200 https://registry.npmjs.org/-/npm/v1/security/advisories/bulk 466ms
343 silly audit report {
343 silly audit report   uuid: [
343 silly audit report     {
343 silly audit report       id: 1119441,
343 silly audit report       url: 'https://github.com/advisories/GHSA-w5hq-g745-h8pq',
343 silly audit report       title: 'uuid: Missing buffer bounds check in v3/v5/v6 when buf is provided',
343 silly audit report       severity: 'moderate',
343 silly audit report       vulnerable_versions: '<11.1.1',
343 silly audit report       cwe: [Array],
343 silly audit report       cvss: [Object]
343 silly audit report     }
343 silly audit report   ]
343 silly audit report }
344 silly packumentCache corgi:https://registry.npmjs.org/uuid cache-miss
345 http fetch GET 200 https://registry.npmjs.org/get-nonce/-/get-nonce-1.0.1.tgz 1130ms (cache miss)
346 http fetch GET 200 https://registry.npmjs.org/use-callback-ref/-/use-callback-ref-1.3.3.tgz 1152ms (cache miss)
347 http fetch GET 200 https://registry.npmjs.org/@radix-ui/react-use-layout-effect/-/react-use-layout-effect-1.1.2.tgz 1168ms (cache miss)
348 http fetch GET 200 https://registry.npmjs.org/@radix-ui/react-focus-scope/-/react-focus-scope-1.1.10.tgz 1141ms (cache miss)
349 http fetch GET 200 https://registry.npmjs.org/detect-node-es/-/detect-node-es-1.1.0.tgz 1183ms (cache miss)
350 http fetch GET 200 https://registry.npmjs.org/use-sidecar/-/use-sidecar-1.1.3.tgz 1190ms (cache miss)
351 http fetch GET 200 https://registry.npmjs.org/@radix-ui/react-use-effect-event/-/react-use-effect-event-0.0.3.tgz 1192ms (cache miss)
352 http fetch GET 200 https://registry.npmjs.org/@radix-ui/react-focus-guards/-/react-focus-guards-1.1.4.tgz 1168ms (cache miss)
353 http fetch GET 200 https://registry.npmjs.org/@radix-ui/react-use-controllable-state/-/react-use-controllable-state-1.2.3.tgz 1182ms (cache miss)
354 http fetch GET 200 https://registry.npmjs.org/@radix-ui/react-presence/-/react-presence-1.1.6.tgz 1179ms (cache miss)
355 http fetch GET 200 https://registry.npmjs.org/@radix-ui/react-primitive/-/react-primitive-2.1.6.tgz 1184ms (cache miss)
356 http fetch GET 200 https://registry.npmjs.org/@radix-ui/react-dialog/-/react-dialog-1.1.17.tgz 1163ms (cache miss)
357 http fetch GET 200 https://registry.npmjs.org/@radix-ui/react-portal/-/react-portal-1.1.12.tgz 1197ms (cache miss)
358 http fetch GET 200 https://registry.npmjs.org/@radix-ui/react-id/-/react-id-1.1.2.tgz 1197ms (cache miss)
359 http fetch GET 200 https://registry.npmjs.org/@radix-ui/react-compose-refs/-/react-compose-refs-1.1.3.tgz 1204ms (cache miss)
360 http cache https://registry.npmjs.org/uuid 853ms (cache hit)
361 silly packumentCache corgi:https://registry.npmjs.org/uuid set size:81812 disposed:false
362 silly packumentCache corgi:https://registry.npmjs.org/xcode cache-miss
363 http fetch GET 200 https://registry.npmjs.org/@radix-ui/react-context/-/react-context-1.1.4.tgz 1241ms (cache miss)
364 http fetch GET 200 https://registry.npmjs.org/@radix-ui/primitive/-/primitive-1.1.4.tgz 1205ms (cache miss)
365 http cache https://registry.npmjs.org/xcode 328ms (cache hit)
366 silly packumentCache corgi:https://registry.npmjs.org/xcode set size:1850340 disposed:false
367 silly packumentCache corgi:https://registry.npmjs.org/@expo%2fconfig-plugins cache-miss
368 http fetch GET 200 https://registry.npmjs.org/sf-symbols-typescript/-/sf-symbols-typescript-2.2.0.tgz 1799ms (cache miss)
369 http fetch GET 200 https://registry.npmjs.org/@radix-ui/react-use-escape-keydown/-/react-use-escape-keydown-1.1.2.tgz 1900ms (cache miss)
370 http fetch GET 200 https://registry.npmjs.org/@radix-ui/react-use-callback-ref/-/react-use-callback-ref-1.1.2.tgz 1901ms (cache miss)
371 http fetch GET 200 https://registry.npmjs.org/@radix-ui/react-dismissable-layer/-/react-dismissable-layer-1.1.13.tgz 1924ms (cache miss)
372 http fetch GET 200 https://registry.npmjs.org/@radix-ui/react-slot/-/react-slot-1.3.0.tgz 2019ms (cache miss)
373 http cache https://registry.npmjs.org/@expo%2fconfig-plugins 364ms (cache hit)
374 silly packumentCache corgi:https://registry.npmjs.org/@expo%2fconfig-plugins set size:414083 disposed:false
375 silly packumentCache corgi:https://registry.npmjs.org/@expo%2fconfig cache-miss
376 silly packumentCache corgi:https://registry.npmjs.org/@expo%2finline-modules cache-miss
377 silly packumentCache corgi:https://registry.npmjs.org/@expo%2fprebuild-config cache-miss
378 silly packumentCache corgi:https://registry.npmjs.org/expo cache-miss
379 silly packumentCache corgi:https://registry.npmjs.org/@expo%2fcli cache-miss
380 http fetch GET 200 https://registry.npmjs.org/aria-hidden/-/aria-hidden-1.2.6.tgz 2071ms (cache miss)
381 http fetch GET 200 https://registry.npmjs.org/vaul/-/vaul-1.1.2.tgz 2060ms (cache miss)
382 http cache https://registry.npmjs.org/@expo%2finline-modules 81ms (cache hit)
383 silly packumentCache corgi:https://registry.npmjs.org/@expo%2finline-modules set size:21605 disposed:false
384 http cache https://registry.npmjs.org/@expo%2fprebuild-config 86ms (cache hit)
385 silly packumentCache corgi:https://registry.npmjs.org/@expo%2fprebuild-config set size:383830 disposed:false
386 http cache https://registry.npmjs.org/@expo%2fconfig 98ms (cache hit)
387 silly packumentCache corgi:https://registry.npmjs.org/@expo%2fconfig set size:542603 disposed:false
388 http cache https://registry.npmjs.org/@expo%2fcli 114ms (cache hit)
389 silly packumentCache corgi:https://registry.npmjs.org/@expo%2fcli set size:1643682 disposed:false
390 http cache https://registry.npmjs.org/expo 164ms (cache hit)
391 silly packumentCache corgi:https://registry.npmjs.org/expo set size:1770082 disposed:false
392 http fetch GET 200 https://registry.npmjs.org/tslib/-/tslib-2.8.1.tgz 2324ms (cache miss)
393 silly packumentCache corgi:https://registry.npmjs.org/@expo%2flocal-build-cache-provider cache-miss
394 silly packumentCache corgi:https://registry.npmjs.org/@expo%2fmetro-config cache-miss
395 http cache https://registry.npmjs.org/@expo%2flocal-build-cache-provider 95ms (cache hit)
396 silly packumentCache corgi:https://registry.npmjs.org/@expo%2flocal-build-cache-provider set size:50741 disposed:false
397 http cache https://registry.npmjs.org/@expo%2fmetro-config 101ms (cache hit)
398 silly packumentCache corgi:https://registry.npmjs.org/@expo%2fmetro-config set size:582725 disposed:false
399 silly packumentCache corgi:https://registry.npmjs.org/expo-font cache-miss
400 silly packumentCache corgi:https://registry.npmjs.org/expo-status-bar cache-miss
401 silly packumentCache corgi:https://registry.npmjs.org/@expo%2frouter-server cache-miss
402 silly packumentCache corgi:https://registry.npmjs.org/@expo%2fdom-webview cache-miss
403 silly packumentCache corgi:https://registry.npmjs.org/@expo%2flog-box cache-miss
404 silly packumentCache corgi:https://registry.npmjs.org/babel-preset-expo cache-miss
405 silly packumentCache corgi:https://registry.npmjs.org/expo-asset cache-miss
406 silly packumentCache corgi:https://registry.npmjs.org/expo-constants cache-miss
407 silly packumentCache corgi:https://registry.npmjs.org/expo-file-system cache-miss
408 silly packumentCache corgi:https://registry.npmjs.org/expo-keep-awake cache-miss
409 silly packumentCache corgi:https://registry.npmjs.org/@expo%2fui cache-miss
410 http cache https://registry.npmjs.org/@expo%2fdom-webview 442ms (cache hit)
411 silly packumentCache corgi:https://registry.npmjs.org/@expo%2fdom-webview set size:97299 disposed:false
412 http cache https://registry.npmjs.org/@expo%2frouter-server 455ms (cache hit)
413 silly packumentCache corgi:https://registry.npmjs.org/@expo%2frouter-server set size:104410 disposed:false
414 http cache https://registry.npmjs.org/expo-font 462ms (cache hit)
415 silly packumentCache corgi:https://registry.npmjs.org/expo-font set size:242798 disposed:false
416 http cache https://registry.npmjs.org/expo-status-bar 470ms (cache hit)
417 silly packumentCache corgi:https://registry.npmjs.org/expo-status-bar set size:192703 disposed:false
418 http cache https://registry.npmjs.org/@expo%2flog-box 476ms (cache hit)
419 silly packumentCache corgi:https://registry.npmjs.org/@expo%2flog-box set size:86929 disposed:false
420 http cache https://registry.npmjs.org/expo-file-system 478ms (cache hit)
421 silly packumentCache corgi:https://registry.npmjs.org/expo-file-system set size:291994 disposed:false
422 http cache https://registry.npmjs.org/expo-constants 487ms (cache hit)
423 silly packumentCache corgi:https://registry.npmjs.org/expo-constants set size:291346 disposed:false
424 http cache https://registry.npmjs.org/expo-keep-awake 491ms (cache hit)
425 silly packumentCache corgi:https://registry.npmjs.org/expo-keep-awake set size:190028 disposed:false
426 http cache https://registry.npmjs.org/babel-preset-expo 508ms (cache hit)
427 silly packumentCache corgi:https://registry.npmjs.org/babel-preset-expo set size:545916 disposed:false
428 http cache https://registry.npmjs.org/expo-asset 520ms (cache hit)
429 silly packumentCache corgi:https://registry.npmjs.org/expo-asset set size:305922 disposed:false
430 http fetch GET 200 https://registry.npmjs.org/@expo%2fui 456ms (cache miss)
431 silly packumentCache corgi:https://registry.npmjs.org/@expo%2fui set size:undefined disposed:false
432 http fetch GET 200 https://registry.npmjs.org/react-remove-scroll-bar/-/react-remove-scroll-bar-2.3.8.tgz 3386ms (cache miss)
433 http fetch GET 200 https://registry.npmjs.org/react-style-singleton/-/react-style-singleton-2.2.3.tgz 3400ms (cache miss)
434 http fetch GET 200 https://registry.npmjs.org/react-remove-scroll/-/react-remove-scroll-2.7.2.tgz 3760ms (cache miss)
435 http fetch GET 200 https://registry.npmjs.org/react-dom/-/react-dom-19.2.7.tgz 3955ms (cache miss)
436 http fetch GET 200 https://registry.npmjs.org/@expo/ui/-/ui-56.0.18.tgz 13439ms (cache miss)
437 http fetch GET 200 https://registry.npmjs.org/@expo/material-symbols/-/material-symbols-0.1.1.tgz 34123ms (cache miss)
438 silly ADD node_modules/detect-node-es
439 silly ADD node_modules/get-nonce
440 silly ADD node_modules/use-sidecar
441 silly ADD node_modules/use-callback-ref
442 silly ADD node_modules/react-style-singleton
443 silly ADD node_modules/react-remove-scroll-bar
444 silly ADD node_modules/tslib
445 silly ADD node_modules/@radix-ui/react-use-effect-event
446 silly ADD node_modules/@radix-ui/react-use-layout-effect
447 silly ADD node_modules/@radix-ui/react-use-escape-keydown
448 silly ADD node_modules/@radix-ui/react-use-callback-ref
449 silly ADD node_modules/react-remove-scroll
450 silly ADD node_modules/aria-hidden
451 silly ADD node_modules/@radix-ui/react-use-controllable-state
452 silly ADD node_modules/@radix-ui/react-slot
453 silly ADD node_modules/@radix-ui/react-primitive
454 silly ADD node_modules/@radix-ui/react-presence
455 silly ADD node_modules/@radix-ui/react-portal
456 silly ADD node_modules/@radix-ui/react-id
457 silly ADD node_modules/@radix-ui/react-focus-scope
458 silly ADD node_modules/@radix-ui/react-focus-guards
459 silly ADD node_modules/@radix-ui/react-dismissable-layer
460 silly ADD node_modules/@radix-ui/react-context
461 silly ADD node_modules/@radix-ui/react-compose-refs
462 silly ADD node_modules/@radix-ui/primitive
463 silly ADD node_modules/@radix-ui/react-dialog
464 silly ADD node_modules/react-dom
465 silly ADD node_modules/sf-symbols-typescript
466 silly ADD node_modules/@expo/ui
467 silly ADD node_modules/@expo/ui/node_modules/vaul
468 silly ADD node_modules/@expo/material-symbols
469 verbose cwd C:\Users\mathieu.nussbaumer\Documents\ThaiStricker\thai-stricker
470 verbose os Windows_NT 10.0.26200
471 verbose node v24.13.0
472 verbose npm  v11.6.2
473 verbose exit 0
474 info ok
