0 verbose cli C:\Program Files\nodejs\node.exe C:\Program Files\nodejs\node_modules\npm\bin\npm-cli.js
1 info using npm@11.6.2
2 info using node@v24.13.0
3 silly config load:file:C:\Program Files\nodejs\node_modules\npm\npmrc
4 silly config load:file:C:\Users\mathieu.nussbaumer\Documents\ThaiStricker\thai-stricker\.npmrc
5 silly config load:file:C:\Users\mathieu.nussbaumer\.npmrc
6 silly config load:file:C:\Users\mathieu.nussbaumer\AppData\Roaming\npm\etc\npmrc
7 verbose title npm install @expo-google-fonts/material-symbols expo-font
8 verbose argv "install" "@expo-google-fonts/material-symbols" "expo-font" "--cache" ".npm-cache" "--legacy-peer-deps"
9 verbose logfile logs-max:10 dir:C:\Users\mathieu.nussbaumer\Documents\ThaiStricker\thai-stricker\.npm-cache\_logs\2026-06-18T19_09_54_756Z-
10 verbose logfile C:\Users\mathieu.nussbaumer\Documents\ThaiStricker\thai-stricker\.npm-cache\_logs\2026-06-18T19_09_54_756Z-debug-0.log
11 silly logfile start cleaning logs, removing 1 files
12 silly logfile done cleaning log files
13 silly packumentCache heap:4496293888 maxSize:1124073472 maxEntrySize:562036736
14 verbose shrinkwrap failed to load node_modules/.package-lock.json out of date, updated: node_modules
15 silly idealTree buildDeps
16 silly fetch manifest expo-font@~56.0.7
17 silly packumentCache full:https://registry.npmjs.org/expo-font cache-miss
18 http cache https://registry.npmjs.org/expo-font 235ms (cache hit)
19 silly packumentCache full:https://registry.npmjs.org/expo-font set size:934354 disposed:false
20 silly fetch manifest @expo-google-fonts/material-symbols@*
21 silly packumentCache full:https://registry.npmjs.org/@expo-google-fonts%2fmaterial-symbols cache-miss
22 http cache https://registry.npmjs.org/@expo-google-fonts%2fmaterial-symbols 366ms (cache hit)
23 silly packumentCache full:https://registry.npmjs.org/@expo-google-fonts%2fmaterial-symbols set size:76982 disposed:false
24 silly placeDep ROOT @expo-google-fonts/material-symbols@0.4.38 OK for: thai-stricker@1.0.0 want: *
25 silly placeDep ROOT expo-font@56.0.7 REPLACE for: thai-stricker@1.0.0 want: ~56.0.7
26 silly reify mark retired [
26 silly reify   'C:\\Users\\mathieu.nussbaumer\\Documents\\ThaiStricker\\thai-stricker\\node_modules\\@expo\\ui'
26 silly reify ]
27 silly reify moves {
27 silly reify   'C:\\Users\\mathieu.nussbaumer\\Documents\\ThaiStricker\\thai-stricker\\node_modules\\@expo\\ui': 'C:\\Users\\mathieu.nussbaumer\\Documents\\ThaiStricker\\thai-stricker\\node_modules\\@expo\\.ui-iBuikaR6'
27 silly reify }
28 silly audit bulk request {
28 silly audit   '@babel/code-frame': [ '7.29.7' ],
28 silly audit   '@babel/compat-data': [ '7.29.7' ],
28 silly audit   '@babel/core': [ '7.29.7' ],
28 silly audit   semver: [ '6.3.1', '7.8.4' ],
28 silly audit   '@babel/generator': [ '7.29.7' ],
28 silly audit   '@babel/helper-annotate-as-pure': [ '7.29.7' ],
28 silly audit   '@babel/helper-compilation-targets': [ '7.29.7' ],
28 silly audit   '@babel/helper-create-class-features-plugin': [ '7.29.7' ],
28 silly audit   '@babel/helper-create-regexp-features-plugin': [ '7.29.7' ],
28 silly audit   '@babel/helper-define-polyfill-provider': [ '0.6.8' ],
28 silly audit   '@babel/helper-globals': [ '7.29.7' ],
28 silly audit   '@babel/helper-member-expression-to-functions': [ '7.29.7' ],
28 silly audit   '@babel/helper-module-imports': [ '7.29.7' ],
28 silly audit   '@babel/helper-module-transforms': [ '7.29.7' ],
28 silly audit   '@babel/helper-optimise-call-expression': [ '7.29.7' ],
28 silly audit   '@babel/helper-plugin-utils': [ '7.29.7' ],
28 silly audit   '@babel/helper-remap-async-to-generator': [ '7.29.7' ],
28 silly audit   '@babel/helper-replace-supers': [ '7.29.7' ],
28 silly audit   '@babel/helper-skip-transparent-expression-wrappers': [ '7.29.7' ],
28 silly audit   '@babel/helper-string-parser': [ '7.29.7' ],
28 silly audit   '@babel/helper-validator-identifier': [ '7.29.7' ],
28 silly audit   '@babel/helper-validator-option': [ '7.29.7' ],
28 silly audit   '@babel/helper-wrap-function': [ '7.29.7' ],
28 silly audit   '@babel/helpers': [ '7.29.7' ],
28 silly audit   '@babel/parser': [ '7.29.7' ],
28 silly audit   '@babel/plugin-proposal-decorators': [ '7.29.7' ],
28 silly audit   '@babel/plugin-proposal-export-default-from': [ '7.29.7' ],
28 silly audit   '@babel/plugin-syntax-decorators': [ '7.29.7' ],
28 silly audit   '@babel/plugin-syntax-dynamic-import': [ '7.8.3' ],
28 silly audit   '@babel/plugin-syntax-export-default-from': [ '7.29.7' ],
28 silly audit   '@babel/plugin-syntax-flow': [ '7.29.7' ],
28 silly audit   '@babel/plugin-syntax-jsx': [ '7.29.7' ],
28 silly audit   '@babel/plugin-syntax-nullish-coalescing-operator': [ '7.8.3' ],
28 silly audit   '@babel/plugin-syntax-optional-chaining': [ '7.8.3' ],
28 silly audit   '@babel/plugin-syntax-typescript': [ '7.29.7' ],
28 silly audit   '@babel/plugin-transform-async-generator-functions': [ '7.29.7' ],
28 silly audit   '@babel/plugin-transform-async-to-generator': [ '7.29.7' ],
28 silly audit   '@babel/plugin-transform-block-scoping': [ '7.29.7' ],
28 silly audit   '@babel/plugin-transform-class-properties': [ '7.29.7' ],
28 silly audit   '@babel/plugin-transform-class-static-block': [ '7.29.7' ],
28 silly audit   '@babel/plugin-transform-classes': [ '7.29.7' ],
28 silly audit   '@babel/plugin-transform-destructuring': [ '7.29.7' ],
28 silly audit   '@babel/plugin-transform-export-namespace-from': [ '7.29.7' ],
28 silly audit   '@babel/plugin-transform-flow-strip-types': [ '7.29.7' ],
28 silly audit   '@babel/plugin-transform-for-of': [ '7.29.7' ],
28 silly audit   '@babel/plugin-transform-logical-assignment-operators': [ '7.29.7' ],
28 silly audit   '@babel/plugin-transform-modules-commonjs': [ '7.29.7' ],
28 silly audit   '@babel/plugin-transform-named-capturing-groups-regex': [ '7.29.7' ],
28 silly audit   '@babel/plugin-transform-nullish-coalescing-operator': [ '7.29.7' ],
28 silly audit   '@babel/plugin-transform-object-rest-spread': [ '7.29.7' ],
28 silly audit   '@babel/plugin-transform-optional-catch-binding': [ '7.29.7' ],
28 silly audit   '@babel/plugin-transform-optional-chaining': [ '7.29.7' ],
28 silly audit   '@babel/plugin-transform-parameters': [ '7.29.7' ],
28 silly audit   '@babel/plugin-transform-private-methods': [ '7.29.7' ],
28 silly audit   '@babel/plugin-transform-private-property-in-object': [ '7.29.7' ],
28 silly audit   '@babel/plugin-transform-react-display-name': [ '7.29.7' ],
28 silly audit   '@babel/plugin-transform-react-jsx': [ '7.29.7' ],
28 silly audit   '@babel/plugin-transform-react-jsx-development': [ '7.29.7' ],
28 silly audit   '@babel/plugin-transform-react-pure-annotations': [ '7.29.7' ],
28 silly audit   '@babel/plugin-transform-runtime': [ '7.29.7' ],
28 silly audit   '@babel/plugin-transform-typescript': [ '7.29.7' ],
28 silly audit   '@babel/plugin-transform-unicode-regex': [ '7.29.7' ],
28 silly audit   '@babel/preset-typescript': [ '7.29.7' ],
28 silly audit   '@babel/runtime': [ '7.29.7' ],
28 silly audit   '@babel/template': [ '7.29.7' ],
28 silly audit   '@babel/traverse': [ '7.29.7' ],
28 silly audit   '@babel/types': [ '7.29.7' ],
28 silly audit   '@expo/code-signing-certificates': [ '0.0.6' ],
28 silly audit   '@expo/config': [ '56.0.9' ],
28 silly audit   '@expo/config-plugins': [ '56.0.9' ],
28 silly audit   '@expo/config-types': [ '56.0.6' ],
28 silly audit   '@expo/devcert': [ '1.2.1' ],
28 silly audit   debug: [ '3.2.7', '2.6.9', '4.4.3' ],
28 silly audit   '@expo/devtools': [ '56.0.2' ],
28 silly audit   '@expo/env': [ '2.3.0' ],
28 silly audit   '@expo/expo-modules-macros-plugin': [ '0.2.2' ],
28 silly audit   '@expo/fingerprint': [ '0.19.4' ],
28 silly audit   '@expo/image-utils': [ '0.10.1' ],
28 silly audit   '@expo/inline-modules': [ '0.0.12' ],
28 silly audit   '@expo/json-file': [ '10.2.0' ],
28 silly audit   '@expo/local-build-cache-provider': [ '56.0.8' ],
28 silly audit   '@expo/material-symbols': [ '0.1.1' ],
28 silly audit   '@expo/metro': [ '56.0.0' ],
28 silly audit   '@expo/metro-file-map': [ '56.0.3' ],
28 silly audit   '@expo/osascript': [ '2.6.0' ],
28 silly audit   '@expo/package-manager': [ '1.12.1' ],
28 silly audit   '@expo/plist': [ '0.7.0' ],
28 silly audit   '@expo/prebuild-config': [ '56.0.16' ],
28 silly audit   '@expo/require-utils': [ '56.1.3' ],
28 silly audit   '@expo/schema-utils': [ '56.0.1' ],
28 silly audit   '@expo/sdk-runtime-versions': [ '1.0.0' ],
28 silly audit   '@expo/spawn-async': [ '1.8.0' ],
28 silly audit   '@expo/sudo-prompt': [ '9.3.2' ],
28 silly audit   '@expo/ui': [ '56.0.18' ],
28 silly audit   vaul: [ '1.1.2' ],
28 silly audit   '@expo/vector-icons': [ '15.1.1' ],
28 silly audit   '@expo/xcpretty': [ '4.4.4' ],
28 silly audit   '@isaacs/ttlcache': [ '1.4.1' ],
28 silly audit   '@jest/schemas': [ '29.6.3' ],
28 silly audit   '@jest/types': [ '29.6.3' ],
28 silly audit   '@jridgewell/gen-mapping': [ '0.3.13' ],
28 silly audit   '@jridgewell/remapping': [ '2.3.5' ],
28 silly audit   '@jridgewell/resolve-uri': [ '3.1.2' ],
28 silly audit   '@jridgewell/source-map': [ '0.3.11' ],
28 silly audit   '@jridgewell/sourcemap-codec': [ '1.5.5' ],
28 silly audit   '@jridgewell/trace-mapping': [ '0.3.31' ],
28 silly audit   '@material-symbols/font-400': [ '0.45.2' ],
28 silly audit   '@radix-ui/primitive': [ '1.1.4' ],
28 silly audit   '@radix-ui/react-compose-refs': [ '1.1.3' ],
28 silly audit   '@radix-ui/react-context': [ '1.1.4' ],
28 silly audit   '@radix-ui/react-dialog': [ '1.1.17' ],
28 silly audit   '@radix-ui/react-dismissable-layer': [ '1.1.13' ],
28 silly audit   '@radix-ui/react-focus-guards': [ '1.1.4' ],
28 silly audit   '@radix-ui/react-focus-scope': [ '1.1.10' ],
28 silly audit   '@radix-ui/react-id': [ '1.1.2' ],
28 silly audit   '@radix-ui/react-portal': [ '1.1.12' ],
28 silly audit   '@radix-ui/react-presence': [ '1.1.6' ],
28 silly audit   '@radix-ui/react-primitive': [ '2.1.6' ],
28 silly audit   '@radix-ui/react-slot': [ '1.3.0' ],
28 silly audit   '@radix-ui/react-use-callback-ref': [ '1.1.2' ],
28 silly audit   '@radix-ui/react-use-controllable-state': [ '1.2.3' ],
28 silly audit   '@radix-ui/react-use-effect-event': [ '0.0.3' ],
28 silly audit   '@radix-ui/react-use-escape-keydown': [ '1.1.2' ],
28 silly audit   '@radix-ui/react-use-layout-effect': [ '1.1.2' ],
28 silly audit   '@react-native/assets-registry': [ '0.85.3' ],
28 silly audit   '@react-native/babel-plugin-codegen': [ '0.85.3' ],
28 silly audit   '@react-native/codegen': [ '0.85.3' ],
28 silly audit   'hermes-estree': [ '0.33.3', '0.35.0' ],
28 silly audit   'hermes-parser': [ '0.33.3', '0.35.0' ],
28 silly audit   '@react-native/community-cli-plugin': [ '0.85.3' ],
28 silly audit   '@react-native/debugger-frontend': [ '0.85.3' ],
28 silly audit   '@react-native/debugger-shell': [ '0.85.3' ],
28 silly audit   '@react-native/dev-middleware': [ '0.85.3' ],
28 silly audit   '@react-native/gradle-plugin': [ '0.85.3' ],
28 silly audit   '@react-native/js-polyfills': [ '0.85.3' ],
28 silly audit   '@react-native/normalize-colors': [ '0.85.3' ],
28 silly audit   '@react-native/virtualized-lists': [ '0.85.3' ],
28 silly audit   '@sinclair/typebox': [ '0.27.10' ],
28 silly audit   '@types/istanbul-lib-coverage': [ '2.0.6' ],
28 silly audit   '@types/istanbul-lib-report': [ '3.0.3' ],
28 silly audit   '@types/istanbul-reports': [ '3.0.4' ],
28 silly audit   '@types/node': [ '25.9.3' ],
28 silly audit   '@types/react': [ '19.2.17' ],
28 silly audit   '@types/yargs': [ '17.0.35' ],
28 silly audit   '@types/yargs-parser': [ '21.0.3' ],
28 silly audit   '@ungap/structured-clone': [ '1.3.1' ],
28 silly audit   '@xmldom/xmldom': [ '0.8.13', '0.9.10' ],
28 silly audit   'abort-controller': [ '3.0.0' ],
28 silly audit   accepts: [ '2.0.0', '1.3.8' ],
28 silly audit   acorn: [ '8.17.0' ],
28 silly audit   'agent-base': [ '7.1.4' ],
28 silly audit   anser: [ '1.4.10' ],
28 silly audit   'ansi-escapes': [ '4.3.2' ],
28 silly audit   'type-fest': [ '0.21.3', '0.7.1' ],
28 silly audit   'ansi-regex': [ '5.0.1', '4.1.1' ],
28 silly audit   'ansi-styles': [ '4.3.0', '3.2.1', '5.2.0' ],
28 silly audit   arg: [ '5.0.2' ],
28 silly audit   argparse: [ '2.0.1' ],
28 silly audit   'aria-hidden': [ '1.2.6' ],
28 silly audit   asap: [ '2.0.6' ],
28 silly audit   'babel-plugin-polyfill-corejs2': [ '0.4.17' ],
28 silly audit   'babel-plugin-polyfill-corejs3': [ '0.13.0' ],
28 silly audit   'babel-plugin-polyfill-regenerator': [ '0.6.8' ],
28 silly audit   'babel-plugin-react-compiler': [ '1.0.0' ],
28 silly audit   'babel-plugin-react-native-web': [ '0.21.2' ],
28 silly audit   'babel-plugin-syntax-hermes-parser': [ '0.33.3' ],
28 silly audit   'babel-plugin-transform-flow-enums': [ '0.0.2' ],
28 silly audit   'balanced-match': [ '4.0.4' ],
28 silly audit   'base64-js': [ '1.5.1' ],
28 silly audit   'baseline-browser-mapping': [ '2.10.37' ],
28 silly audit   'big-integer': [ '1.6.52' ],
28 silly audit   'bplist-creator': [ '0.1.0' ],
28 silly audit   'bplist-parser': [ '0.3.1' ],
28 silly audit   'brace-expansion': [ '5.0.6' ],
28 silly audit   braces: [ '3.0.3' ],
28 silly audit   browserslist: [ '4.28.2' ],
28 silly audit   bser: [ '2.1.1' ],
28 silly audit   'buffer-from': [ '1.1.2' ],
28 silly audit   bytes: [ '3.1.2' ],
28 silly audit   camelcase: [ '6.3.0' ],
28 silly audit   'caniuse-lite': [ '1.0.30001799' ],
28 silly audit   chalk: [ '4.1.2', '2.4.2' ],
28 silly audit   'chrome-launcher': [ '0.15.2' ],
28 silly audit   'chromium-edge-launcher': [ '0.3.0' ],
28 silly audit   'ci-info': [ '2.0.0', '3.9.0' ],
28 silly audit   'cli-cursor': [ '2.1.0' ],
28 silly audit   'cli-spinners': [ '2.9.2' ],
28 silly audit   cliui: [ '8.0.1' ],
28 silly audit   clone: [ '1.0.4' ],
28 silly audit   'color-convert': [ '2.0.1', '1.9.3' ],
28 silly audit   'color-name': [ '1.1.4', '1.1.3' ],
28 silly audit   commander: [ '7.2.0', '12.1.0', '2.20.3' ],
28 silly audit   compressible: [ '2.0.18' ],
28 silly audit   compression: [ '1.8.1' ],
28 silly audit   ms: [ '2.0.0', '2.1.3' ],
28 silly audit   negotiator: [ '0.6.4', '0.6.3', '1.0.0' ],
28 silly audit   connect: [ '3.7.0' ],
28 silly audit   'convert-source-map': [ '2.0.0' ],
28 silly audit   'core-js-compat': [ '3.49.0' ],
28 silly audit   'cross-spawn': [ '7.0.6' ],
28 silly audit   csstype: [ '3.2.3' ],
28 silly audit   deepmerge: [ '4.3.1' ],
28 silly audit   defaults: [ '1.0.4' ],
28 silly audit   depd: [ '2.0.0' ],
28 silly audit   destroy: [ '1.2.0' ],
28 silly audit   'detect-libc': [ '2.1.2' ],
28 silly audit   'detect-node-es': [ '1.1.0' ],
28 silly audit   'dnssd-advertise': [ '1.1.6' ],
28 silly audit   'ee-first': [ '1.1.1' ],
28 silly audit   'electron-to-chromium': [ '1.5.373' ],
28 silly audit   'emoji-regex': [ '8.0.0' ],
28 silly audit   encodeurl: [ '1.0.2', '2.0.0' ],
28 silly audit   'error-stack-parser': [ '2.1.4' ],
28 silly audit   'es-errors': [ '1.3.0' ],
28 silly audit   escalade: [ '3.2.0' ],
28 silly audit   'escape-html': [ '1.0.3' ],
28 silly audit   'escape-string-regexp': [ '4.0.0', '1.0.5' ],
28 silly audit   etag: [ '1.8.1' ],
28 silly audit   'event-target-shim': [ '5.0.1' ],
28 silly audit   expo: [ '56.0.12' ],
28 silly audit   'expo-modules-autolinking': [ '56.0.16' ],
28 silly audit   'expo-modules-core': [ '56.0.17' ],
28 silly audit   'expo-modules-jsi': [ '56.0.10' ],
28 silly audit   'expo-server': [ '56.0.5' ],
28 silly audit   'expo-status-bar': [ '56.0.4' ],
28 silly audit   '@expo/cli': [ '56.1.16' ],
28 silly audit   '@expo/router-server': [ '56.0.14' ],
28 silly audit   '@expo/dom-webview': [ '56.0.5' ],
28 silly audit   '@expo/log-box': [ '56.0.13' ],
28 silly audit   '@expo/metro-config': [ '56.0.14' ],
28 silly audit   '@expo/ws-tunnel': [ '2.0.0' ],
28 silly audit   'babel-preset-expo': [ '56.0.15' ],
28 silly audit   'expo-asset': [ '56.0.17' ],
28 silly audit   'expo-constants': [ '56.0.18' ],
28 silly audit   'expo-file-system': [ '56.0.8' ],
28 silly audit   'expo-keep-awake': [ '56.0.3' ],
28 silly audit   'mime-db': [ '1.52.0', '1.54.0' ],
28 silly audit   'mime-types': [ '2.1.35', '3.0.2' ],
28 silly audit   picomatch: [ '4.0.4', '2.3.2' ],
28 silly audit   ws: [ '8.21.0', '7.5.11' ],
28 silly audit   'exponential-backoff': [ '3.1.3' ],
28 silly audit   'fb-dotslash': [ '0.5.8' ],
28 silly audit   'fb-watchman': [ '2.0.2' ],
28 silly audit   'fetch-nodeshim': [ '0.4.10' ],
28 silly audit   'fill-range': [ '7.1.1' ],
28 silly audit   finalhandler: [ '1.1.2' ],
28 silly audit   'flow-enums-runtime': [ '0.0.6' ],
28 silly audit   fontfaceobserver: [ '2.3.0' ],
28 silly audit   fresh: [ '0.5.2' ],
28 silly audit   'function-bind': [ '1.1.2' ],
28 silly audit   gensync: [ '1.0.0-beta.2' ],
28 silly audit   'get-caller-file': [ '2.0.5' ],
28 silly audit   'get-nonce': [ '1.0.1' ],
28 silly audit   getenv: [ '2.0.0' ],
28 silly audit   glob: [ '13.0.6' ],
28 silly audit   'graceful-fs': [ '4.2.11' ],
28 silly audit   'has-flag': [ '4.0.0', '3.0.0' ],
28 silly audit   hasown: [ '2.0.4' ],
28 silly audit   'hermes-compiler': [ '250829098.0.10' ],
28 silly audit   'hosted-git-info': [ '7.0.2' ],
28 silly audit   'lru-cache': [ '10.4.3', '5.1.1', '11.5.1' ],
28 silly audit   'http-errors': [ '2.0.1' ],
28 silly audit   statuses: [ '2.0.2', '1.5.0' ],
28 silly audit   'https-proxy-agent': [ '7.0.6' ],
28 silly audit   ignore: [ '5.3.2' ],
28 silly audit   'image-size': [ '1.2.1' ],
28 silly audit   inherits: [ '2.0.4' ],
28 silly audit   invariant: [ '2.2.4' ],
28 silly audit   'is-core-module': [ '2.16.2' ],
28 silly audit   'is-docker': [ '2.2.1' ],
28 silly audit   'is-fullwidth-code-point': [ '3.0.0' ],
28 silly audit   'is-number': [ '7.0.0' ],
28 silly audit   'is-wsl': [ '2.2.0' ],
28 silly audit   isexe: [ '2.0.0' ],
28 silly audit   'jest-get-type': [ '29.6.3' ],
28 silly audit   'jest-util': [ '29.7.0' ],
28 silly audit   'jest-validate': [ '29.7.0' ],
28 silly audit   'jest-worker': [ '29.7.0' ],
28 silly audit   'supports-color': [ '8.1.1', '5.5.0', '7.2.0' ],
28 silly audit   'jimp-compact': [ '0.16.1' ],
28 silly audit   'js-tokens': [ '4.0.0' ],
28 silly audit   'js-yaml': [ '4.2.0' ],
28 silly audit   'jsc-safe-url': [ '0.2.4' ],
28 silly audit   jsesc: [ '3.1.0' ],
28 silly audit   json5: [ '2.2.3' ],
28 silly audit   kleur: [ '3.0.3' ],
28 silly audit   'lan-network': [ '0.2.1' ],
28 silly audit   leven: [ '3.1.0' ],
28 silly audit   'lighthouse-logger': [ '1.4.2' ],
28 silly audit   lightningcss: [ '1.32.0' ],
28 silly audit   'lightningcss-android-arm64': [ '1.32.0' ],
28 silly audit   'lightningcss-darwin-arm64': [ '1.32.0' ],
28 silly audit   'lightningcss-darwin-x64': [ '1.32.0' ],
28 silly audit   'lightningcss-freebsd-x64': [ '1.32.0' ],
28 silly audit   'lightningcss-linux-arm-gnueabihf': [ '1.32.0' ],
28 silly audit   'lightningcss-linux-arm64-gnu': [ '1.32.0' ],
28 silly audit   'lightningcss-linux-arm64-musl': [ '1.32.0' ],
28 silly audit   'lightningcss-linux-x64-gnu': [ '1.32.0' ],
28 silly audit   'lightningcss-linux-x64-musl': [ '1.32.0' ],
28 silly audit   'lightningcss-win32-arm64-msvc': [ '1.32.0' ],
28 silly audit   'lightningcss-win32-x64-msvc': [ '1.32.0' ],
28 silly audit   'lodash.debounce': [ '4.0.8' ],
28 silly audit   'lodash.throttle': [ '4.1.1' ],
28 silly audit   'log-symbols': [ '2.2.0' ],
28 silly audit   'loose-envify': [ '1.4.0' ],
28 silly audit   makeerror: [ '1.0.12' ],
28 silly audit   marky: [ '1.3.0' ],
28 silly audit   'memoize-one': [ '5.2.1' ],
28 silly audit   'merge-stream': [ '2.0.0' ],
28 silly audit   metro: [ '0.84.4' ],
28 silly audit   'metro-babel-transformer': [ '0.84.4' ],
28 silly audit   'metro-cache': [ '0.84.4' ],
28 silly audit   'metro-cache-key': [ '0.84.4' ],
28 silly audit   'metro-config': [ '0.84.4' ],
28 silly audit   'metro-core': [ '0.84.4' ],
28 silly audit   'metro-file-map': [ '0.84.4' ],
28 silly audit   'metro-minify-terser': [ '0.84.4' ],
28 silly audit   'metro-resolver': [ '0.84.4' ],
28 silly audit   'metro-runtime': [ '0.84.4' ],
28 silly audit   'metro-source-map': [ '0.84.4' ],
28 silly audit   'metro-symbolicate': [ '0.84.4' ],
28 silly audit   'metro-transform-plugins': [ '0.84.4' ],
28 silly audit   'metro-transform-worker': [ '0.84.4' ],
28 silly audit   micromatch: [ '4.0.8' ],
28 silly audit   mime: [ '1.6.0' ],
28 silly audit   'mimic-fn': [ '1.2.0' ],
28 silly audit   minimatch: [ '10.2.5' ],
28 silly audit   minipass: [ '7.1.3' ],
28 silly audit   mkdirp: [ '1.0.4' ],
28 silly audit   multitars: [ '1.0.0' ],
28 silly audit   nanoid: [ '3.3.12' ],
28 silly audit   'node-forge': [ '1.4.0' ],
28 silly audit   'node-int64': [ '0.4.0' ],
28 silly audit   'node-releases': [ '2.0.47' ],
28 silly audit   'npm-package-arg': [ '11.0.3' ],
28 silly audit   nullthrows: [ '1.1.1' ],
28 silly audit   ob1: [ '0.84.4' ],
28 silly audit   'on-finished': [ '2.3.0', '2.4.1' ],
28 silly audit   'on-headers': [ '1.1.0' ],
28 silly audit   onetime: [ '2.0.1' ],
28 silly audit   open: [ '7.4.2' ],
28 silly audit   ora: [ '3.4.0' ],
28 silly audit   'strip-ansi': [ '5.2.0', '6.0.1' ],
28 silly audit   'parse-png': [ '2.1.0' ],
28 silly audit   parseurl: [ '1.3.3' ],
28 silly audit   'path-key': [ '3.1.1' ],
28 silly audit   'path-parse': [ '1.0.7' ],
28 silly audit   'path-scurry': [ '2.0.2' ],
28 silly audit   picocolors: [ '1.1.1' ],
28 silly audit   plist: [ '3.1.1' ],
28 silly audit   pngjs: [ '3.4.0' ],
28 silly audit   postcss: [ '8.5.15' ],
28 silly audit   'pretty-format': [ '29.7.0' ],
28 silly audit   'proc-log': [ '4.2.0' ],
28 silly audit   progress: [ '2.0.3' ],
28 silly audit   promise: [ '8.3.0' ],
28 silly audit   prompts: [ '2.4.2' ],
28 silly audit   queue: [ '6.0.2' ],
28 silly audit   'range-parser': [ '1.2.1' ],
28 silly audit   react: [ '19.2.3' ],
28 silly audit   'react-devtools-core': [ '6.1.5' ],
28 silly audit   'react-is': [ '18.3.1' ],
28 silly audit   'react-native': [ '0.85.3' ],
28 silly audit   'react-refresh': [ '0.14.2' ],
28 silly audit   'react-remove-scroll': [ '2.7.2' ],
28 silly audit   'react-remove-scroll-bar': [ '2.3.8' ],
28 silly audit   'react-style-singleton': [ '2.2.3' ],
28 silly audit   regenerate: [ '1.4.2' ],
28 silly audit   'regenerate-unicode-properties': [ '10.2.2' ],
28 silly audit   'regenerator-runtime': [ '0.13.11' ],
28 silly audit   'regexpu-core': [ '6.4.0' ],
28 silly audit   regjsgen: [ '0.8.0' ],
28 silly audit   regjsparser: [ '0.13.2' ],
28 silly audit   'require-directory': [ '2.1.1' ],
28 silly audit   resolve: [ '1.22.12' ],
28 silly audit   'resolve-from': [ '5.0.0' ],
28 silly audit   'resolve-workspace-root': [ '2.0.1' ],
28 silly audit   'restore-cursor': [ '2.0.0' ],
28 silly audit   'safe-buffer': [ '5.2.1' ],
28 silly audit   sax: [ '1.6.0' ],
28 silly audit   scheduler: [ '0.27.0' ],
28 silly audit   send: [ '0.19.2' ],
28 silly audit   'serialize-error': [ '2.1.0' ],
28 silly audit   'serve-static': [ '1.16.3' ],
28 silly audit   setprototypeof: [ '1.2.0' ],
28 silly audit   'sf-symbols-typescript': [ '2.2.0' ],
28 silly audit   'shebang-command': [ '2.0.0' ],
28 silly audit   'shebang-regex': [ '3.0.0' ],
28 silly audit   'shell-quote': [ '1.8.4' ],
28 silly audit   'signal-exit': [ '3.0.7' ],
28 silly audit   'simple-plist': [ '1.3.1' ],
28 silly audit   sisteransi: [ '1.0.5' ],
28 silly audit   slugify: [ '1.6.9' ],
28 silly audit   'source-map': [ '0.5.7', '0.6.1' ],
28 silly audit   'source-map-js': [ '1.2.1' ],
28 silly audit   'source-map-support': [ '0.5.21' ],
28 silly audit   stackframe: [ '1.3.4' ],
28 silly audit   'stacktrace-parser': [ '0.1.11' ],
28 silly audit   'stream-buffers': [ '2.2.0' ],
28 silly audit   'string-width': [ '4.2.3' ],
28 silly audit   'structured-headers': [ '0.4.1' ],
28 silly audit   'supports-hyperlinks': [ '2.3.0' ],
28 silly audit   'supports-preserve-symlinks-flag': [ '1.0.0' ],
28 silly audit   'terminal-link': [ '2.1.1' ],
28 silly audit   terser: [ '5.48.0' ],
28 silly audit   throat: [ '5.0.0' ],
28 silly audit   tinyglobby: [ '0.2.17' ],
28 silly audit   fdir: [ '6.5.0' ],
28 silly audit   tmpl: [ '1.0.5' ],
28 silly audit   'to-regex-range': [ '5.0.1' ],
28 silly audit   toidentifier: [ '1.0.1' ],
28 silly audit   toqr: [ '0.1.1' ],
28 silly audit   tslib: [ '2.8.1' ],
28 silly audit   typescript: [ '6.0.3' ],
28 silly audit   'undici-types': [ '7.24.6' ],
28 silly audit   'unicode-canonical-property-names-ecmascript': [ '2.0.1' ],
28 silly audit   'unicode-match-property-ecmascript': [ '2.0.0' ],
28 silly audit   'unicode-match-property-value-ecmascript': [ '2.2.1' ],
28 silly audit   'unicode-property-aliases-ecmascript': [ '2.2.0' ],
28 silly audit   unpipe: [ '1.0.0' ],
28 silly audit   'update-browserslist-db': [ '1.2.3' ],
28 silly audit   'use-callback-ref': [ '1.3.3' ],
28 silly audit   'use-sidecar': [ '1.1.3' ],
28 silly audit   'utils-merge': [ '1.0.1' ],
28 silly audit   uuid: [ '7.0.3' ],
28 silly audit   'validate-npm-package-name': [ '5.0.1' ],
28 silly audit   vary: [ '1.1.2' ],
28 silly audit   vlq: [ '1.0.1' ],
28 silly audit   walker: [ '1.0.8' ],
28 silly audit   wcwidth: [ '1.0.1' ],
28 silly audit   'whatwg-fetch': [ '3.6.20' ],
28 silly audit   'whatwg-url-minimum': [ '0.1.2' ],
28 silly audit   which: [ '2.0.2' ],
28 silly audit   'wrap-ansi': [ '7.0.0' ],
28 silly audit   xcode: [ '3.0.1' ],
28 silly audit   xml2js: [ '0.6.0' ],
28 silly audit   xmlbuilder: [ '11.0.1', '15.1.1' ],
28 silly audit   y18n: [ '5.0.8' ],
28 silly audit   yallist: [ '3.1.1' ],
28 silly audit   yaml: [ '2.9.0' ],
28 silly audit   yargs: [ '17.7.2' ],
28 silly audit   'yargs-parser': [ '21.1.1' ],
28 silly audit   zod: [ '3.25.76' ],
28 silly audit   '@expo-google-fonts/material-symbols': [ '0.4.38' ],
28 silly audit   'expo-font': [ '56.0.7' ]
28 silly audit }
29 http cache @expo-google-fonts/material-symbols@https://registry.npmjs.org/@expo-google-fonts/material-symbols/-/material-symbols-0.4.38.tgz 0ms (cache hit)
30 http cache use-sidecar@https://registry.npmjs.org/use-sidecar/-/use-sidecar-1.1.3.tgz 0ms (cache hit)
31 http cache use-callback-ref@https://registry.npmjs.org/use-callback-ref/-/use-callback-ref-1.3.3.tgz 0ms (cache hit)
32 http cache sf-symbols-typescript@https://registry.npmjs.org/sf-symbols-typescript/-/sf-symbols-typescript-2.2.0.tgz 0ms (cache hit)
33 http cache react-remove-scroll-bar@https://registry.npmjs.org/react-remove-scroll-bar/-/react-remove-scroll-bar-2.3.8.tgz 0ms (cache hit)
34 http cache tslib@https://registry.npmjs.org/tslib/-/tslib-2.8.1.tgz 0ms (cache hit)
35 http cache react-style-singleton@https://registry.npmjs.org/react-style-singleton/-/react-style-singleton-2.2.3.tgz 0ms (cache hit)
36 http cache react-remove-scroll@https://registry.npmjs.org/react-remove-scroll/-/react-remove-scroll-2.7.2.tgz 0ms (cache hit)
37 http cache get-nonce@https://registry.npmjs.org/get-nonce/-/get-nonce-1.0.1.tgz 0ms (cache hit)
38 http cache @radix-ui/react-use-layout-effect@https://registry.npmjs.org/@radix-ui/react-use-layout-effect/-/react-use-layout-effect-1.1.2.tgz 0ms (cache hit)
39 http cache @radix-ui/react-use-escape-keydown@https://registry.npmjs.org/@radix-ui/react-use-escape-keydown/-/react-use-escape-keydown-1.1.2.tgz 0ms (cache hit)
40 http cache detect-node-es@https://registry.npmjs.org/detect-node-es/-/detect-node-es-1.1.0.tgz 0ms (cache hit)
41 http cache @radix-ui/react-use-effect-event@https://registry.npmjs.org/@radix-ui/react-use-effect-event/-/react-use-effect-event-0.0.3.tgz 0ms (cache hit)
42 http cache @radix-ui/react-use-callback-ref@https://registry.npmjs.org/@radix-ui/react-use-callback-ref/-/react-use-callback-ref-1.1.2.tgz 0ms (cache hit)
43 http cache @radix-ui/react-use-controllable-state@https://registry.npmjs.org/@radix-ui/react-use-controllable-state/-/react-use-controllable-state-1.2.3.tgz 0ms (cache hit)
44 http cache @radix-ui/react-slot@https://registry.npmjs.org/@radix-ui/react-slot/-/react-slot-1.3.0.tgz 0ms (cache hit)
45 http cache @radix-ui/react-primitive@https://registry.npmjs.org/@radix-ui/react-primitive/-/react-primitive-2.1.6.tgz 0ms (cache hit)
46 http cache @radix-ui/react-presence@https://registry.npmjs.org/@radix-ui/react-presence/-/react-presence-1.1.6.tgz 0ms (cache hit)
47 http cache @radix-ui/react-portal@https://registry.npmjs.org/@radix-ui/react-portal/-/react-portal-1.1.12.tgz 0ms (cache hit)
48 http cache aria-hidden@https://registry.npmjs.org/aria-hidden/-/aria-hidden-1.2.6.tgz 0ms (cache hit)
49 http cache @radix-ui/react-id@https://registry.npmjs.org/@radix-ui/react-id/-/react-id-1.1.2.tgz 0ms (cache hit)
50 http cache @radix-ui/react-focus-scope@https://registry.npmjs.org/@radix-ui/react-focus-scope/-/react-focus-scope-1.1.10.tgz 0ms (cache hit)
51 http cache @radix-ui/react-focus-guards@https://registry.npmjs.org/@radix-ui/react-focus-guards/-/react-focus-guards-1.1.4.tgz 0ms (cache hit)
52 http cache @radix-ui/react-dismissable-layer@https://registry.npmjs.org/@radix-ui/react-dismissable-layer/-/react-dismissable-layer-1.1.13.tgz 0ms (cache hit)
53 http cache @radix-ui/react-context@https://registry.npmjs.org/@radix-ui/react-context/-/react-context-1.1.4.tgz 0ms (cache hit)
54 http cache @radix-ui/react-dialog@https://registry.npmjs.org/@radix-ui/react-dialog/-/react-dialog-1.1.17.tgz 0ms (cache hit)
55 http cache @radix-ui/primitive@https://registry.npmjs.org/@radix-ui/primitive/-/primitive-1.1.4.tgz 0ms (cache hit)
56 http cache @expo/ui@https://registry.npmjs.org/@expo/ui/-/ui-56.0.18.tgz 0ms (cache hit)
57 http cache @material-symbols/font-400@https://registry.npmjs.org/@material-symbols/font-400/-/font-400-0.45.2.tgz 0ms (cache hit)
58 http cache @expo/material-symbols@https://registry.npmjs.org/@expo/material-symbols/-/material-symbols-0.1.1.tgz 0ms (cache hit)
59 http cache @radix-ui/react-compose-refs@https://registry.npmjs.org/@radix-ui/react-compose-refs/-/react-compose-refs-1.1.3.tgz 0ms (cache hit)
60 http cache vaul@https://registry.npmjs.org/vaul/-/vaul-1.1.2.tgz 0ms (cache hit)
61 silly tarball no local data for @expo-google-fonts/material-symbols@https://registry.npmjs.org/@expo-google-fonts/material-symbols/-/material-symbols-0.4.38.tgz. Extracting by manifest.
62 http fetch POST 200 https://registry.npmjs.org/-/npm/v1/security/advisories/bulk 2354ms
63 silly audit report {
63 silly audit report   uuid: [
63 silly audit report     {
63 silly audit report       id: 1119441,
63 silly audit report       url: 'https://github.com/advisories/GHSA-w5hq-g745-h8pq',
63 silly audit report       title: 'uuid: Missing buffer bounds check in v3/v5/v6 when buf is provided',
63 silly audit report       severity: 'moderate',
63 silly audit report       vulnerable_versions: '<11.1.1',
63 silly audit report       cwe: [Array],
63 silly audit report       cvss: [Object]
63 silly audit report     }
63 silly audit report   ]
63 silly audit report }
64 silly packumentCache corgi:https://registry.npmjs.org/uuid cache-miss
65 http fetch GET 200 https://registry.npmjs.org/uuid 1314ms (cache revalidated)
66 silly packumentCache corgi:https://registry.npmjs.org/uuid set size:81812 disposed:false
67 silly packumentCache corgi:https://registry.npmjs.org/xcode cache-miss
68 http cache https://registry.npmjs.org/xcode 668ms (cache hit)
69 silly packumentCache corgi:https://registry.npmjs.org/xcode set size:1850340 disposed:false
70 silly packumentCache corgi:https://registry.npmjs.org/@expo%2fconfig-plugins cache-miss
71 http cache https://registry.npmjs.org/@expo%2fconfig-plugins 112ms (cache hit)
72 silly packumentCache corgi:https://registry.npmjs.org/@expo%2fconfig-plugins set size:414083 disposed:false
73 silly packumentCache corgi:https://registry.npmjs.org/@expo%2fconfig cache-miss
74 silly packumentCache corgi:https://registry.npmjs.org/@expo%2finline-modules cache-miss
75 silly packumentCache corgi:https://registry.npmjs.org/@expo%2fprebuild-config cache-miss
76 silly packumentCache corgi:https://registry.npmjs.org/expo cache-miss
77 silly packumentCache corgi:https://registry.npmjs.org/@expo%2fcli cache-miss
78 http cache https://registry.npmjs.org/@expo%2fprebuild-config 183ms (cache hit)
79 silly packumentCache corgi:https://registry.npmjs.org/@expo%2fprebuild-config set size:383830 disposed:false
80 http cache https://registry.npmjs.org/@expo%2fconfig 195ms (cache hit)
81 silly packumentCache corgi:https://registry.npmjs.org/@expo%2fconfig set size:542603 disposed:false
82 http cache https://registry.npmjs.org/@expo%2finline-modules 202ms (cache hit)
83 silly packumentCache corgi:https://registry.npmjs.org/@expo%2finline-modules set size:21605 disposed:false
84 http cache https://registry.npmjs.org/expo 214ms (cache hit)
85 silly packumentCache corgi:https://registry.npmjs.org/expo set size:1770082 disposed:false
86 http cache https://registry.npmjs.org/@expo%2fcli 256ms (cache hit)
87 silly packumentCache corgi:https://registry.npmjs.org/@expo%2fcli set size:1643682 disposed:false
88 silly packumentCache corgi:https://registry.npmjs.org/@expo%2flocal-build-cache-provider cache-miss
89 silly packumentCache corgi:https://registry.npmjs.org/@expo%2fmetro-config cache-miss
90 http cache https://registry.npmjs.org/@expo%2flocal-build-cache-provider 502ms (cache hit)
91 silly packumentCache corgi:https://registry.npmjs.org/@expo%2flocal-build-cache-provider set size:50741 disposed:false
92 http cache https://registry.npmjs.org/@expo%2fmetro-config 503ms (cache hit)
93 silly packumentCache corgi:https://registry.npmjs.org/@expo%2fmetro-config set size:582725 disposed:false
94 http fetch GET 200 https://registry.npmjs.org/@expo-google-fonts/material-symbols/-/material-symbols-0.4.38.tgz 8373ms (cache miss)
95 silly ADD node_modules/@expo-google-fonts/material-symbols
96 silly ADD node_modules/use-sidecar
97 silly ADD node_modules/use-callback-ref
98 silly ADD node_modules/tslib
99 silly ADD node_modules/sf-symbols-typescript
100 silly ADD node_modules/react-style-singleton
101 silly ADD node_modules/react-remove-scroll-bar
102 silly ADD node_modules/react-remove-scroll
103 silly ADD node_modules/get-nonce
104 silly ADD node_modules/detect-node-es
105 silly ADD node_modules/aria-hidden
106 silly ADD node_modules/@radix-ui/react-use-layout-effect
107 silly ADD node_modules/@radix-ui/react-use-escape-keydown
108 silly ADD node_modules/@radix-ui/react-use-effect-event
109 silly ADD node_modules/@radix-ui/react-use-controllable-state
110 silly ADD node_modules/@radix-ui/react-use-callback-ref
111 silly ADD node_modules/@radix-ui/react-slot
112 silly ADD node_modules/@radix-ui/react-primitive
113 silly ADD node_modules/@radix-ui/react-presence
114 silly ADD node_modules/@radix-ui/react-portal
115 silly ADD node_modules/@radix-ui/react-id
116 silly ADD node_modules/@radix-ui/react-focus-scope
117 silly ADD node_modules/@radix-ui/react-focus-guards
118 silly ADD node_modules/@radix-ui/react-dismissable-layer
119 silly ADD node_modules/@radix-ui/react-dialog
120 silly ADD node_modules/@radix-ui/react-context
121 silly ADD node_modules/@radix-ui/react-compose-refs
122 silly ADD node_modules/@radix-ui/primitive
123 silly ADD node_modules/@material-symbols/font-400
124 silly ADD node_modules/@expo/material-symbols
125 silly CHANGE node_modules/@expo/ui
126 silly CHANGE node_modules/@expo/ui/node_modules/vaul
127 verbose cwd C:\Users\mathieu.nussbaumer\Documents\ThaiStricker\thai-stricker
128 verbose os Windows_NT 10.0.26200
129 verbose node v24.13.0
130 verbose npm  v11.6.2
131 verbose exit 0
132 info ok
