0 verbose cli C:\Program Files\nodejs\node.exe C:\Program Files\nodejs\node_modules\npm\bin\npm-cli.js
1 info using npm@11.6.2
2 info using node@v24.13.0
3 silly config load:file:C:\Program Files\nodejs\node_modules\npm\npmrc
4 silly config load:file:C:\Users\mathieu.nussbaumer\Documents\ThaiStricker\thai-stricker\.npmrc
5 silly config load:file:C:\Users\mathieu.nussbaumer\.npmrc
6 silly config load:file:C:\Users\mathieu.nussbaumer\AppData\Roaming\npm\etc\npmrc
7 verbose title npm view @expo-google-fonts/material-symbols peerDependencies dependencies
8 verbose argv "view" "@expo-google-fonts/material-symbols" "peerDependencies" "dependencies" "--json" "--cache" ".npm-cache"
9 verbose logfile logs-max:10 dir:C:\Users\mathieu.nussbaumer\Documents\ThaiStricker\thai-stricker\.npm-cache\_logs\2026-06-18T19_08_40_832Z-
10 verbose logfile C:\Users\mathieu.nussbaumer\Documents\ThaiStricker\thai-stricker\.npm-cache\_logs\2026-06-18T19_08_40_832Z-debug-0.log
11 silly logfile start cleaning logs, removing 2 files
12 silly logfile done cleaning log files
13 http fetch GET 200 https://registry.npmjs.org/@expo-google-fonts%2fmaterial-symbols 387ms (cache miss)
14 verbose cwd C:\Users\mathieu.nussbaumer\Documents\ThaiStricker\thai-stricker
15 verbose os Windows_NT 10.0.26200
16 verbose node v24.13.0
17 verbose npm  v11.6.2
18 verbose exit 0
19 info ok
